生成启动时间为 2018-3-12 17:58:21。
     1>项目“E:\project\2018\2\28\RippleGen\RippleGen\RippleGen.vcxproj”在节点 2 上(build 个目标)。
     1>InitializeBuildStatus:
         正在对“Debug\RippleGen.unsuccessfulbuild”执行 Touch 任务。
       ClCompile:
         C:\Program Files (x86)\Microsoft Visual Studio 10.0\VC\bin\CL.exe /c /ZI /nologo /W3 /WX- /Od /Oy- /D WIN32 /D _MBCS /D _MBCS /Gm /EHsc /RTC1 /MDd /GS /fp:precise /Zc:wchar_t /Zc:forScope /Fo"Debug\\" /Fd"Debug\vc100.pdb" /Gd /TP /analyze- /errorReport:prompt ripplegen.cpp
         ripplegen.cpp
     1>e:\project\2018\2\28\ripplegen\ripplegen\utils.h(224): warning C4996: 'getenv': This function or variable may be unsafe. Consider using _dupenv_s instead. To disable deprecation, use _CRT_SECURE_NO_WARNINGS. See online help for details.
                 c:\program files (x86)\microsoft visual studio 10.0\vc\include\stdlib.h(433) : 参见“getenv”的声明
     1>e:\project\2018\2\28\ripplegen\ripplegen\uchar_vector.h(121): warning C4996: 'sscanf': This function or variable may be unsafe. Consider using sscanf_s instead. To disable deprecation, use _CRT_SECURE_NO_WARNINGS. See online help for details.
                 c:\program files (x86)\microsoft visual studio 10.0\vc\include\stdio.h(325) : 参见“sscanf”的声明
     1>e:\project\2018\2\28\ripplegen\ripplegen\ripplegen.cpp(67): warning C4996: 'fopen': This function or variable may be unsafe. Consider using fopen_s instead. To disable deprecation, use _CRT_SECURE_NO_WARNINGS. See online help for details.
                 c:\program files (x86)\microsoft visual studio 10.0\vc\include\stdio.h(234) : 参见“fopen”的声明
     1>e:\project\2018\2\28\ripplegen\ripplegen\ripplegen.cpp(227): warning C4996: 'fopen': This function or variable may be unsafe. Consider using fopen_s instead. To disable deprecation, use _CRT_SECURE_NO_WARNINGS. See online help for details.
                 c:\program files (x86)\microsoft visual studio 10.0\vc\include\stdio.h(234) : 参见“fopen”的声明
     1>c:\program files (x86)\microsoft visual studio 10.0\vc\include\xutility(2227): warning C4996: 'std::_Copy_impl': Function call with parameters that may be unsafe - this call relies on the caller to check that the passed values are correct. To disable this warning, use -D_SCL_SECURE_NO_WARNINGS. See documentation on how to use Visual C++ 'Checked Iterators'
                 c:\program files (x86)\microsoft visual studio 10.0\vc\include\xutility(2212) : 参见“std::_Copy_impl”的声明
                 e:\project\2018\2\28\ripplegen\ripplegen\uchar_vector.h(83): 参见对正在编译的函数 模板 实例化“_OutIt std::copy<std::_Vector_iterator<_Myvec>,unsigned char*>(_InIt,_InIt,_OutIt)”的引用
                 with
                 [
                     _OutIt=unsigned char *,
                     _Myvec=std::_Vector_val<unsigned char,std::allocator<unsigned char>>,
                     _InIt=std::_Vector_iterator<std::_Vector_val<unsigned char,std::allocator<unsigned char>>>
                 ]
       Link:
         C:\Program Files (x86)\Microsoft Visual Studio 10.0\VC\bin\link.exe /ERRORREPORT:PROMPT /OUT:"E:\project\2018\2\28\RippleGen\Debug\RippleGen.exe" /NOLOGO libeay32.lib ssleay32.lib "libboost_system-vc100-mt-gd-x32-1_66.lib" "libboost_system-vc100-mt-sgd-x32-1_66.lib" "libboost_system-vc100-mt-s-x32-1_66.lib" "libboost_system-vc100-mt-x32-1_66.lib" "libboost_system-vc140-mt-gd-x32-1_66.lib" "libboost_system-vc140-mt-x32-1_66.lib" "libboost_thread-vc100-mt-gd-x32-1_66.lib" "libboost_thread-vc100-mt-sgd-x32-1_66.lib" "libboost_thread-vc100-mt-s-x32-1_66.lib" "libboost_thread-vc100-mt-x32-1_66.lib" kernel32.lib user32.lib gdi32.lib winspool.lib comdlg32.lib advapi32.lib shell32.lib ole32.lib oleaut32.lib uuid.lib odbc32.lib odbccp32.lib /MANIFEST /ManifestFile:"Debug\RippleGen.exe.intermediate.manifest" /MANIFESTUAC:"level='asInvoker' uiAccess='false'" /DEBUG /PDB:"E:\project\2018\2\28\RippleGen\Debug\RippleGen.pdb" /TLBID:1 /DYNAMICBASE /NXCOMPAT /IMPLIB:"E:\project\2018\2\28\RippleGen\Debug\RippleGen.lib" /MACHINE:X86 Debug\BitcoinUtil.obj
         Debug\ripplegen.obj
     1>libeay32.lib(cryptlib.obj) : warning LNK4099: 未找到 PDB“lib.pdb”(使用“libeay32.lib(cryptlib.obj)”或在“E:\project\2018\2\28\RippleGen\Debug\lib.pdb”中寻找)；正在链接对象，如同没有调试信息一样
     1>libeay32.lib(mem.obj) : warning LNK4099: 未找到 PDB“lib.pdb”(使用“libeay32.lib(mem.obj)”或在“E:\project\2018\2\28\RippleGen\Debug\lib.pdb”中寻找)；正在链接对象，如同没有调试信息一样
     1>libeay32.lib(mem_dbg.obj) : warning LNK4099: 未找到 PDB“lib.pdb”(使用“libeay32.lib(mem_dbg.obj)”或在“E:\project\2018\2\28\RippleGen\Debug\lib.pdb”中寻找)；正在链接对象，如同没有调试信息一样
     1>libeay32.lib(ex_data.obj) : warning LNK4099: 未找到 PDB“lib.pdb”(使用“libeay32.lib(ex_data.obj)”或在“E:\project\2018\2\28\RippleGen\Debug\lib.pdb”中寻找)；正在链接对象，如同没有调试信息一样
     1>libeay32.lib(o_time.obj) : warning LNK4099: 未找到 PDB“lib.pdb”(使用“libeay32.lib(o_time.obj)”或在“E:\project\2018\2\28\RippleGen\Debug\lib.pdb”中寻找)；正在链接对象，如同没有调试信息一样
     1>libeay32.lib(o_init.obj) : warning LNK4099: 未找到 PDB“lib.pdb”(使用“libeay32.lib(o_init.obj)”或在“E:\project\2018\2\28\RippleGen\Debug\lib.pdb”中寻找)；正在链接对象，如同没有调试信息一样
     1>libeay32.lib(mem_clr.obj) : warning LNK4099: 未找到 PDB“lib.pdb”(使用“libeay32.lib(mem_clr.obj)”或在“E:\project\2018\2\28\RippleGen\Debug\lib.pdb”中寻找)；正在链接对象，如同没有调试信息一样
     1>libeay32.lib(md5_dgst.obj) : warning LNK4099: 未找到 PDB“lib.pdb”(使用“libeay32.lib(md5_dgst.obj)”或在“E:\project\2018\2\28\RippleGen\Debug\lib.pdb”中寻找)；正在链接对象，如同没有调试信息一样
     1>libeay32.lib(sha1dgst.obj) : warning LNK4099: 未找到 PDB“lib.pdb”(使用“libeay32.lib(sha1dgst.obj)”或在“E:\project\2018\2\28\RippleGen\Debug\lib.pdb”中寻找)；正在链接对象，如同没有调试信息一样
     1>libeay32.lib(sha1_one.obj) : warning LNK4099: 未找到 PDB“lib.pdb”(使用“libeay32.lib(sha1_one.obj)”或在“E:\project\2018\2\28\RippleGen\Debug\lib.pdb”中寻找)；正在链接对象，如同没有调试信息一样
     1>libeay32.lib(sha256.obj) : warning LNK4099: 未找到 PDB“lib.pdb”(使用“libeay32.lib(sha256.obj)”或在“E:\project\2018\2\28\RippleGen\Debug\lib.pdb”中寻找)；正在链接对象，如同没有调试信息一样
     1>libeay32.lib(sha512.obj) : warning LNK4099: 未找到 PDB“lib.pdb”(使用“libeay32.lib(sha512.obj)”或在“E:\project\2018\2\28\RippleGen\Debug\lib.pdb”中寻找)；正在链接对象，如同没有调试信息一样
     1>libeay32.lib(hmac.obj) : warning LNK4099: 未找到 PDB“lib.pdb”(使用“libeay32.lib(hmac.obj)”或在“E:\project\2018\2\28\RippleGen\Debug\lib.pdb”中寻找)；正在链接对象，如同没有调试信息一样
     1>libeay32.lib(hm_ameth.obj) : warning LNK4099: 未找到 PDB“lib.pdb”(使用“libeay32.lib(hm_ameth.obj)”或在“E:\project\2018\2\28\RippleGen\Debug\lib.pdb”中寻找)；正在链接对象，如同没有调试信息一样
     1>libeay32.lib(hm_pmeth.obj) : warning LNK4099: 未找到 PDB“lib.pdb”(使用“libeay32.lib(hm_pmeth.obj)”或在“E:\project\2018\2\28\RippleGen\Debug\lib.pdb”中寻找)；正在链接对象，如同没有调试信息一样
     1>libeay32.lib(cmac.obj) : warning LNK4099: 未找到 PDB“lib.pdb”(使用“libeay32.lib(cmac.obj)”或在“E:\project\2018\2\28\RippleGen\Debug\lib.pdb”中寻找)；正在链接对象，如同没有调试信息一样
     1>libeay32.lib(cm_ameth.obj) : warning LNK4099: 未找到 PDB“lib.pdb”(使用“libeay32.lib(cm_ameth.obj)”或在“E:\project\2018\2\28\RippleGen\Debug\lib.pdb”中寻找)；正在链接对象，如同没有调试信息一样
     1>libeay32.lib(cm_pmeth.obj) : warning LNK4099: 未找到 PDB“lib.pdb”(使用“libeay32.lib(cm_pmeth.obj)”或在“E:\project\2018\2\28\RippleGen\Debug\lib.pdb”中寻找)；正在链接对象，如同没有调试信息一样
     1>libeay32.lib(rmd_dgst.obj) : warning LNK4099: 未找到 PDB“lib.pdb”(使用“libeay32.lib(rmd_dgst.obj)”或在“E:\project\2018\2\28\RippleGen\Debug\lib.pdb”中寻找)；正在链接对象，如同没有调试信息一样
     1>libeay32.lib(rmd_one.obj) : warning LNK4099: 未找到 PDB“lib.pdb”(使用“libeay32.lib(rmd_one.obj)”或在“E:\project\2018\2\28\RippleGen\Debug\lib.pdb”中寻找)；正在链接对象，如同没有调试信息一样
     1>libeay32.lib(set_key.obj) : warning LNK4099: 未找到 PDB“lib.pdb”(使用“libeay32.lib(set_key.obj)”或在“E:\project\2018\2\28\RippleGen\Debug\lib.pdb”中寻找)；正在链接对象，如同没有调试信息一样
     1>libeay32.lib(ecb3_enc.obj) : warning LNK4099: 未找到 PDB“lib.pdb”(使用“libeay32.lib(ecb3_enc.obj)”或在“E:\project\2018\2\28\RippleGen\Debug\lib.pdb”中寻找)；正在链接对象，如同没有调试信息一样
     1>libeay32.lib(cfb64ede.obj) : warning LNK4099: 未找到 PDB“lib.pdb”(使用“libeay32.lib(cfb64ede.obj)”或在“E:\project\2018\2\28\RippleGen\Debug\lib.pdb”中寻找)；正在链接对象，如同没有调试信息一样
     1>libeay32.lib(ofb64ede.obj) : warning LNK4099: 未找到 PDB“lib.pdb”(使用“libeay32.lib(ofb64ede.obj)”或在“E:\project\2018\2\28\RippleGen\Debug\lib.pdb”中寻找)；正在链接对象，如同没有调试信息一样
     1>libeay32.lib(des_enc.obj) : warning LNK4099: 未找到 PDB“lib.pdb”(使用“libeay32.lib(des_enc.obj)”或在“E:\project\2018\2\28\RippleGen\Debug\lib.pdb”中寻找)；正在链接对象，如同没有调试信息一样
     1>libeay32.lib(aes_misc.obj) : warning LNK4099: 未找到 PDB“lib.pdb”(使用“libeay32.lib(aes_misc.obj)”或在“E:\project\2018\2\28\RippleGen\Debug\lib.pdb”中寻找)；正在链接对象，如同没有调试信息一样
     1>libeay32.lib(aes_wrap.obj) : warning LNK4099: 未找到 PDB“lib.pdb”(使用“libeay32.lib(aes_wrap.obj)”或在“E:\project\2018\2\28\RippleGen\Debug\lib.pdb”中寻找)；正在链接对象，如同没有调试信息一样
     1>libeay32.lib(aes_core.obj) : warning LNK4099: 未找到 PDB“lib.pdb”(使用“libeay32.lib(aes_core.obj)”或在“E:\project\2018\2\28\RippleGen\Debug\lib.pdb”中寻找)；正在链接对象，如同没有调试信息一样
     1>libeay32.lib(aes_cbc.obj) : warning LNK4099: 未找到 PDB“lib.pdb”(使用“libeay32.lib(aes_cbc.obj)”或在“E:\project\2018\2\28\RippleGen\Debug\lib.pdb”中寻找)；正在链接对象，如同没有调试信息一样
     1>libeay32.lib(cbc128.obj) : warning LNK4099: 未找到 PDB“lib.pdb”(使用“libeay32.lib(cbc128.obj)”或在“E:\project\2018\2\28\RippleGen\Debug\lib.pdb”中寻找)；正在链接对象，如同没有调试信息一样
     1>libeay32.lib(ctr128.obj) : warning LNK4099: 未找到 PDB“lib.pdb”(使用“libeay32.lib(ctr128.obj)”或在“E:\project\2018\2\28\RippleGen\Debug\lib.pdb”中寻找)；正在链接对象，如同没有调试信息一样
     1>libeay32.lib(cfb128.obj) : warning LNK4099: 未找到 PDB“lib.pdb”(使用“libeay32.lib(cfb128.obj)”或在“E:\project\2018\2\28\RippleGen\Debug\lib.pdb”中寻找)；正在链接对象，如同没有调试信息一样
     1>libeay32.lib(ofb128.obj) : warning LNK4099: 未找到 PDB“lib.pdb”(使用“libeay32.lib(ofb128.obj)”或在“E:\project\2018\2\28\RippleGen\Debug\lib.pdb”中寻找)；正在链接对象，如同没有调试信息一样
     1>libeay32.lib(gcm128.obj) : warning LNK4099: 未找到 PDB“lib.pdb”(使用“libeay32.lib(gcm128.obj)”或在“E:\project\2018\2\28\RippleGen\Debug\lib.pdb”中寻找)；正在链接对象，如同没有调试信息一样
     1>libeay32.lib(ccm128.obj) : warning LNK4099: 未找到 PDB“lib.pdb”(使用“libeay32.lib(ccm128.obj)”或在“E:\project\2018\2\28\RippleGen\Debug\lib.pdb”中寻找)；正在链接对象，如同没有调试信息一样
     1>libeay32.lib(xts128.obj) : warning LNK4099: 未找到 PDB“lib.pdb”(使用“libeay32.lib(xts128.obj)”或在“E:\project\2018\2\28\RippleGen\Debug\lib.pdb”中寻找)；正在链接对象，如同没有调试信息一样
     1>libeay32.lib(wrap128.obj) : warning LNK4099: 未找到 PDB“lib.pdb”(使用“libeay32.lib(wrap128.obj)”或在“E:\project\2018\2\28\RippleGen\Debug\lib.pdb”中寻找)；正在链接对象，如同没有调试信息一样
     1>libeay32.lib(bn_add.obj) : warning LNK4099: 未找到 PDB“lib.pdb”(使用“libeay32.lib(bn_add.obj)”或在“E:\project\2018\2\28\RippleGen\Debug\lib.pdb”中寻找)；正在链接对象，如同没有调试信息一样
     1>libeay32.lib(bn_div.obj) : warning LNK4099: 未找到 PDB“lib.pdb”(使用“libeay32.lib(bn_div.obj)”或在“E:\project\2018\2\28\RippleGen\Debug\lib.pdb”中寻找)；正在链接对象，如同没有调试信息一样
     1>libeay32.lib(bn_exp.obj) : warning LNK4099: 未找到 PDB“lib.pdb”(使用“libeay32.lib(bn_exp.obj)”或在“E:\project\2018\2\28\RippleGen\Debug\lib.pdb”中寻找)；正在链接对象，如同没有调试信息一样
     1>libeay32.lib(bn_lib.obj) : warning LNK4099: 未找到 PDB“lib.pdb”(使用“libeay32.lib(bn_lib.obj)”或在“E:\project\2018\2\28\RippleGen\Debug\lib.pdb”中寻找)；正在链接对象，如同没有调试信息一样
     1>libeay32.lib(bn_ctx.obj) : warning LNK4099: 未找到 PDB“lib.pdb”(使用“libeay32.lib(bn_ctx.obj)”或在“E:\project\2018\2\28\RippleGen\Debug\lib.pdb”中寻找)；正在链接对象，如同没有调试信息一样
     1>libeay32.lib(bn_mul.obj) : warning LNK4099: 未找到 PDB“lib.pdb”(使用“libeay32.lib(bn_mul.obj)”或在“E:\project\2018\2\28\RippleGen\Debug\lib.pdb”中寻找)；正在链接对象，如同没有调试信息一样
     1>libeay32.lib(bn_mod.obj) : warning LNK4099: 未找到 PDB“lib.pdb”(使用“libeay32.lib(bn_mod.obj)”或在“E:\project\2018\2\28\RippleGen\Debug\lib.pdb”中寻找)；正在链接对象，如同没有调试信息一样
     1>libeay32.lib(bn_print.obj) : warning LNK4099: 未找到 PDB“lib.pdb”(使用“libeay32.lib(bn_print.obj)”或在“E:\project\2018\2\28\RippleGen\Debug\lib.pdb”中寻找)；正在链接对象，如同没有调试信息一样
     1>libeay32.lib(bn_rand.obj) : warning LNK4099: 未找到 PDB“lib.pdb”(使用“libeay32.lib(bn_rand.obj)”或在“E:\project\2018\2\28\RippleGen\Debug\lib.pdb”中寻找)；正在链接对象，如同没有调试信息一样
     1>libeay32.lib(bn_shift.obj) : warning LNK4099: 未找到 PDB“lib.pdb”(使用“libeay32.lib(bn_shift.obj)”或在“E:\project\2018\2\28\RippleGen\Debug\lib.pdb”中寻找)；正在链接对象，如同没有调试信息一样
     1>libeay32.lib(bn_word.obj) : warning LNK4099: 未找到 PDB“lib.pdb”(使用“libeay32.lib(bn_word.obj)”或在“E:\project\2018\2\28\RippleGen\Debug\lib.pdb”中寻找)；正在链接对象，如同没有调试信息一样
     1>libeay32.lib(bn_blind.obj) : warning LNK4099: 未找到 PDB“lib.pdb”(使用“libeay32.lib(bn_blind.obj)”或在“E:\project\2018\2\28\RippleGen\Debug\lib.pdb”中寻找)；正在链接对象，如同没有调试信息一样
     1>libeay32.lib(bn_kron.obj) : warning LNK4099: 未找到 PDB“lib.pdb”(使用“libeay32.lib(bn_kron.obj)”或在“E:\project\2018\2\28\RippleGen\Debug\lib.pdb”中寻找)；正在链接对象，如同没有调试信息一样
     1>libeay32.lib(bn_sqrt.obj) : warning LNK4099: 未找到 PDB“lib.pdb”(使用“libeay32.lib(bn_sqrt.obj)”或在“E:\project\2018\2\28\RippleGen\Debug\lib.pdb”中寻找)；正在链接对象，如同没有调试信息一样
     1>libeay32.lib(bn_gcd.obj) : warning LNK4099: 未找到 PDB“lib.pdb”(使用“libeay32.lib(bn_gcd.obj)”或在“E:\project\2018\2\28\RippleGen\Debug\lib.pdb”中寻找)；正在链接对象，如同没有调试信息一样
     1>libeay32.lib(bn_prime.obj) : warning LNK4099: 未找到 PDB“lib.pdb”(使用“libeay32.lib(bn_prime.obj)”或在“E:\project\2018\2\28\RippleGen\Debug\lib.pdb”中寻找)；正在链接对象，如同没有调试信息一样
     1>libeay32.lib(bn_sqr.obj) : warning LNK4099: 未找到 PDB“lib.pdb”(使用“libeay32.lib(bn_sqr.obj)”或在“E:\project\2018\2\28\RippleGen\Debug\lib.pdb”中寻找)；正在链接对象，如同没有调试信息一样
     1>libeay32.lib(bn_asm.obj) : warning LNK4099: 未找到 PDB“lib.pdb”(使用“libeay32.lib(bn_asm.obj)”或在“E:\project\2018\2\28\RippleGen\Debug\lib.pdb”中寻找)；正在链接对象，如同没有调试信息一样
     1>libeay32.lib(bn_recp.obj) : warning LNK4099: 未找到 PDB“lib.pdb”(使用“libeay32.lib(bn_recp.obj)”或在“E:\project\2018\2\28\RippleGen\Debug\lib.pdb”中寻找)；正在链接对象，如同没有调试信息一样
     1>libeay32.lib(bn_mont.obj) : warning LNK4099: 未找到 PDB“lib.pdb”(使用“libeay32.lib(bn_mont.obj)”或在“E:\project\2018\2\28\RippleGen\Debug\lib.pdb”中寻找)；正在链接对象，如同没有调试信息一样
     1>libeay32.lib(bn_mpi.obj) : warning LNK4099: 未找到 PDB“lib.pdb”(使用“libeay32.lib(bn_mpi.obj)”或在“E:\project\2018\2\28\RippleGen\Debug\lib.pdb”中寻找)；正在链接对象，如同没有调试信息一样
     1>libeay32.lib(bn_exp2.obj) : warning LNK4099: 未找到 PDB“lib.pdb”(使用“libeay32.lib(bn_exp2.obj)”或在“E:\project\2018\2\28\RippleGen\Debug\lib.pdb”中寻找)；正在链接对象，如同没有调试信息一样
     1>libeay32.lib(bn_gf2m.obj) : warning LNK4099: 未找到 PDB“lib.pdb”(使用“libeay32.lib(bn_gf2m.obj)”或在“E:\project\2018\2\28\RippleGen\Debug\lib.pdb”中寻找)；正在链接对象，如同没有调试信息一样
     1>libeay32.lib(bn_nist.obj) : warning LNK4099: 未找到 PDB“lib.pdb”(使用“libeay32.lib(bn_nist.obj)”或在“E:\project\2018\2\28\RippleGen\Debug\lib.pdb”中寻找)；正在链接对象，如同没有调试信息一样
     1>libeay32.lib(rsa_eay.obj) : warning LNK4099: 未找到 PDB“lib.pdb”(使用“libeay32.lib(rsa_eay.obj)”或在“E:\project\2018\2\28\RippleGen\Debug\lib.pdb”中寻找)；正在链接对象，如同没有调试信息一样
     1>libeay32.lib(rsa_gen.obj) : warning LNK4099: 未找到 PDB“lib.pdb”(使用“libeay32.lib(rsa_gen.obj)”或在“E:\project\2018\2\28\RippleGen\Debug\lib.pdb”中寻找)；正在链接对象，如同没有调试信息一样
     1>libeay32.lib(rsa_lib.obj) : warning LNK4099: 未找到 PDB“lib.pdb”(使用“libeay32.lib(rsa_lib.obj)”或在“E:\project\2018\2\28\RippleGen\Debug\lib.pdb”中寻找)；正在链接对象，如同没有调试信息一样
     1>libeay32.lib(rsa_sign.obj) : warning LNK4099: 未找到 PDB“lib.pdb”(使用“libeay32.lib(rsa_sign.obj)”或在“E:\project\2018\2\28\RippleGen\Debug\lib.pdb”中寻找)；正在链接对象，如同没有调试信息一样
     1>libeay32.lib(rsa_saos.obj) : warning LNK4099: 未找到 PDB“lib.pdb”(使用“libeay32.lib(rsa_saos.obj)”或在“E:\project\2018\2\28\RippleGen\Debug\lib.pdb”中寻找)；正在链接对象，如同没有调试信息一样
     1>libeay32.lib(rsa_pk1.obj) : warning LNK4099: 未找到 PDB“lib.pdb”(使用“libeay32.lib(rsa_pk1.obj)”或在“E:\project\2018\2\28\RippleGen\Debug\lib.pdb”中寻找)；正在链接对象，如同没有调试信息一样
     1>libeay32.lib(rsa_ssl.obj) : warning LNK4099: 未找到 PDB“lib.pdb”(使用“libeay32.lib(rsa_ssl.obj)”或在“E:\project\2018\2\28\RippleGen\Debug\lib.pdb”中寻找)；正在链接对象，如同没有调试信息一样
     1>libeay32.lib(rsa_none.obj) : warning LNK4099: 未找到 PDB“lib.pdb”(使用“libeay32.lib(rsa_none.obj)”或在“E:\project\2018\2\28\RippleGen\Debug\lib.pdb”中寻找)；正在链接对象，如同没有调试信息一样
     1>libeay32.lib(rsa_oaep.obj) : warning LNK4099: 未找到 PDB“lib.pdb”(使用“libeay32.lib(rsa_oaep.obj)”或在“E:\project\2018\2\28\RippleGen\Debug\lib.pdb”中寻找)；正在链接对象，如同没有调试信息一样
     1>libeay32.lib(rsa_pss.obj) : warning LNK4099: 未找到 PDB“lib.pdb”(使用“libeay32.lib(rsa_pss.obj)”或在“E:\project\2018\2\28\RippleGen\Debug\lib.pdb”中寻找)；正在链接对象，如同没有调试信息一样
     1>libeay32.lib(rsa_x931.obj) : warning LNK4099: 未找到 PDB“lib.pdb”(使用“libeay32.lib(rsa_x931.obj)”或在“E:\project\2018\2\28\RippleGen\Debug\lib.pdb”中寻找)；正在链接对象，如同没有调试信息一样
     1>libeay32.lib(rsa_asn1.obj) : warning LNK4099: 未找到 PDB“lib.pdb”(使用“libeay32.lib(rsa_asn1.obj)”或在“E:\project\2018\2\28\RippleGen\Debug\lib.pdb”中寻找)；正在链接对象，如同没有调试信息一样
     1>libeay32.lib(rsa_ameth.obj) : warning LNK4099: 未找到 PDB“lib.pdb”(使用“libeay32.lib(rsa_ameth.obj)”或在“E:\project\2018\2\28\RippleGen\Debug\lib.pdb”中寻找)；正在链接对象，如同没有调试信息一样
     1>libeay32.lib(rsa_pmeth.obj) : warning LNK4099: 未找到 PDB“lib.pdb”(使用“libeay32.lib(rsa_pmeth.obj)”或在“E:\project\2018\2\28\RippleGen\Debug\lib.pdb”中寻找)；正在链接对象，如同没有调试信息一样
     1>libeay32.lib(rsa_crpt.obj) : warning LNK4099: 未找到 PDB“lib.pdb”(使用“libeay32.lib(rsa_crpt.obj)”或在“E:\project\2018\2\28\RippleGen\Debug\lib.pdb”中寻找)；正在链接对象，如同没有调试信息一样
     1>libeay32.lib(dsa_gen.obj) : warning LNK4099: 未找到 PDB“lib.pdb”(使用“libeay32.lib(dsa_gen.obj)”或在“E:\project\2018\2\28\RippleGen\Debug\lib.pdb”中寻找)；正在链接对象，如同没有调试信息一样
     1>libeay32.lib(dsa_key.obj) : warning LNK4099: 未找到 PDB“lib.pdb”(使用“libeay32.lib(dsa_key.obj)”或在“E:\project\2018\2\28\RippleGen\Debug\lib.pdb”中寻找)；正在链接对象，如同没有调试信息一样
     1>libeay32.lib(dsa_lib.obj) : warning LNK4099: 未找到 PDB“lib.pdb”(使用“libeay32.lib(dsa_lib.obj)”或在“E:\project\2018\2\28\RippleGen\Debug\lib.pdb”中寻找)；正在链接对象，如同没有调试信息一样
     1>libeay32.lib(dsa_asn1.obj) : warning LNK4099: 未找到 PDB“lib.pdb”(使用“libeay32.lib(dsa_asn1.obj)”或在“E:\project\2018\2\28\RippleGen\Debug\lib.pdb”中寻找)；正在链接对象，如同没有调试信息一样
     1>libeay32.lib(dsa_vrf.obj) : warning LNK4099: 未找到 PDB“lib.pdb”(使用“libeay32.lib(dsa_vrf.obj)”或在“E:\project\2018\2\28\RippleGen\Debug\lib.pdb”中寻找)；正在链接对象，如同没有调试信息一样
     1>libeay32.lib(dsa_sign.obj) : warning LNK4099: 未找到 PDB“lib.pdb”(使用“libeay32.lib(dsa_sign.obj)”或在“E:\project\2018\2\28\RippleGen\Debug\lib.pdb”中寻找)；正在链接对象，如同没有调试信息一样
     1>libeay32.lib(dsa_ossl.obj) : warning LNK4099: 未找到 PDB“lib.pdb”(使用“libeay32.lib(dsa_ossl.obj)”或在“E:\project\2018\2\28\RippleGen\Debug\lib.pdb”中寻找)；正在链接对象，如同没有调试信息一样
     1>libeay32.lib(dsa_ameth.obj) : warning LNK4099: 未找到 PDB“lib.pdb”(使用“libeay32.lib(dsa_ameth.obj)”或在“E:\project\2018\2\28\RippleGen\Debug\lib.pdb”中寻找)；正在链接对象，如同没有调试信息一样
     1>libeay32.lib(dsa_pmeth.obj) : warning LNK4099: 未找到 PDB“lib.pdb”(使用“libeay32.lib(dsa_pmeth.obj)”或在“E:\project\2018\2\28\RippleGen\Debug\lib.pdb”中寻找)；正在链接对象，如同没有调试信息一样
     1>libeay32.lib(dso_lib.obj) : warning LNK4099: 未找到 PDB“lib.pdb”(使用“libeay32.lib(dso_lib.obj)”或在“E:\project\2018\2\28\RippleGen\Debug\lib.pdb”中寻找)；正在链接对象，如同没有调试信息一样
     1>libeay32.lib(dso_openssl.obj) : warning LNK4099: 未找到 PDB“lib.pdb”(使用“libeay32.lib(dso_openssl.obj)”或在“E:\project\2018\2\28\RippleGen\Debug\lib.pdb”中寻找)；正在链接对象，如同没有调试信息一样
     1>libeay32.lib(dso_win32.obj) : warning LNK4099: 未找到 PDB“lib.pdb”(使用“libeay32.lib(dso_win32.obj)”或在“E:\project\2018\2\28\RippleGen\Debug\lib.pdb”中寻找)；正在链接对象，如同没有调试信息一样
     1>libeay32.lib(dh_asn1.obj) : warning LNK4099: 未找到 PDB“lib.pdb”(使用“libeay32.lib(dh_asn1.obj)”或在“E:\project\2018\2\28\RippleGen\Debug\lib.pdb”中寻找)；正在链接对象，如同没有调试信息一样
     1>libeay32.lib(dh_gen.obj) : warning LNK4099: 未找到 PDB“lib.pdb”(使用“libeay32.lib(dh_gen.obj)”或在“E:\project\2018\2\28\RippleGen\Debug\lib.pdb”中寻找)；正在链接对象，如同没有调试信息一样
     1>libeay32.lib(dh_key.obj) : warning LNK4099: 未找到 PDB“lib.pdb”(使用“libeay32.lib(dh_key.obj)”或在“E:\project\2018\2\28\RippleGen\Debug\lib.pdb”中寻找)；正在链接对象，如同没有调试信息一样
     1>libeay32.lib(dh_lib.obj) : warning LNK4099: 未找到 PDB“lib.pdb”(使用“libeay32.lib(dh_lib.obj)”或在“E:\project\2018\2\28\RippleGen\Debug\lib.pdb”中寻找)；正在链接对象，如同没有调试信息一样
     1>libeay32.lib(dh_check.obj) : warning LNK4099: 未找到 PDB“lib.pdb”(使用“libeay32.lib(dh_check.obj)”或在“E:\project\2018\2\28\RippleGen\Debug\lib.pdb”中寻找)；正在链接对象，如同没有调试信息一样
     1>libeay32.lib(dh_ameth.obj) : warning LNK4099: 未找到 PDB“lib.pdb”(使用“libeay32.lib(dh_ameth.obj)”或在“E:\project\2018\2\28\RippleGen\Debug\lib.pdb”中寻找)；正在链接对象，如同没有调试信息一样
     1>libeay32.lib(dh_pmeth.obj) : warning LNK4099: 未找到 PDB“lib.pdb”(使用“libeay32.lib(dh_pmeth.obj)”或在“E:\project\2018\2\28\RippleGen\Debug\lib.pdb”中寻找)；正在链接对象，如同没有调试信息一样
     1>libeay32.lib(dh_rfc5114.obj) : warning LNK4099: 未找到 PDB“lib.pdb”(使用“libeay32.lib(dh_rfc5114.obj)”或在“E:\project\2018\2\28\RippleGen\Debug\lib.pdb”中寻找)；正在链接对象，如同没有调试信息一样
     1>libeay32.lib(dh_kdf.obj) : warning LNK4099: 未找到 PDB“lib.pdb”(使用“libeay32.lib(dh_kdf.obj)”或在“E:\project\2018\2\28\RippleGen\Debug\lib.pdb”中寻找)；正在链接对象，如同没有调试信息一样
     1>libeay32.lib(ec_lib.obj) : warning LNK4099: 未找到 PDB“lib.pdb”(使用“libeay32.lib(ec_lib.obj)”或在“E:\project\2018\2\28\RippleGen\Debug\lib.pdb”中寻找)；正在链接对象，如同没有调试信息一样
     1>libeay32.lib(ecp_smpl.obj) : warning LNK4099: 未找到 PDB“lib.pdb”(使用“libeay32.lib(ecp_smpl.obj)”或在“E:\project\2018\2\28\RippleGen\Debug\lib.pdb”中寻找)；正在链接对象，如同没有调试信息一样
     1>libeay32.lib(ecp_mont.obj) : warning LNK4099: 未找到 PDB“lib.pdb”(使用“libeay32.lib(ecp_mont.obj)”或在“E:\project\2018\2\28\RippleGen\Debug\lib.pdb”中寻找)；正在链接对象，如同没有调试信息一样
     1>libeay32.lib(ecp_nist.obj) : warning LNK4099: 未找到 PDB“lib.pdb”(使用“libeay32.lib(ecp_nist.obj)”或在“E:\project\2018\2\28\RippleGen\Debug\lib.pdb”中寻找)；正在链接对象，如同没有调试信息一样
     1>libeay32.lib(ec_cvt.obj) : warning LNK4099: 未找到 PDB“lib.pdb”(使用“libeay32.lib(ec_cvt.obj)”或在“E:\project\2018\2\28\RippleGen\Debug\lib.pdb”中寻找)；正在链接对象，如同没有调试信息一样
     1>libeay32.lib(ec_mult.obj) : warning LNK4099: 未找到 PDB“lib.pdb”(使用“libeay32.lib(ec_mult.obj)”或在“E:\project\2018\2\28\RippleGen\Debug\lib.pdb”中寻找)；正在链接对象，如同没有调试信息一样
     1>libeay32.lib(ec_curve.obj) : warning LNK4099: 未找到 PDB“lib.pdb”(使用“libeay32.lib(ec_curve.obj)”或在“E:\project\2018\2\28\RippleGen\Debug\lib.pdb”中寻找)；正在链接对象，如同没有调试信息一样
     1>libeay32.lib(ec_print.obj) : warning LNK4099: 未找到 PDB“lib.pdb”(使用“libeay32.lib(ec_print.obj)”或在“E:\project\2018\2\28\RippleGen\Debug\lib.pdb”中寻找)；正在链接对象，如同没有调试信息一样
     1>libeay32.lib(ec_asn1.obj) : warning LNK4099: 未找到 PDB“lib.pdb”(使用“libeay32.lib(ec_asn1.obj)”或在“E:\project\2018\2\28\RippleGen\Debug\lib.pdb”中寻找)；正在链接对象，如同没有调试信息一样
     1>libeay32.lib(ec_key.obj) : warning LNK4099: 未找到 PDB“lib.pdb”(使用“libeay32.lib(ec_key.obj)”或在“E:\project\2018\2\28\RippleGen\Debug\lib.pdb”中寻找)；正在链接对象，如同没有调试信息一样
     1>libeay32.lib(ec2_smpl.obj) : warning LNK4099: 未找到 PDB“lib.pdb”(使用“libeay32.lib(ec2_smpl.obj)”或在“E:\project\2018\2\28\RippleGen\Debug\lib.pdb”中寻找)；正在链接对象，如同没有调试信息一样
     1>libeay32.lib(ec2_mult.obj) : warning LNK4099: 未找到 PDB“lib.pdb”(使用“libeay32.lib(ec2_mult.obj)”或在“E:\project\2018\2\28\RippleGen\Debug\lib.pdb”中寻找)；正在链接对象，如同没有调试信息一样
     1>libeay32.lib(ec_ameth.obj) : warning LNK4099: 未找到 PDB“lib.pdb”(使用“libeay32.lib(ec_ameth.obj)”或在“E:\project\2018\2\28\RippleGen\Debug\lib.pdb”中寻找)；正在链接对象，如同没有调试信息一样
     1>libeay32.lib(ec_pmeth.obj) : warning LNK4099: 未找到 PDB“lib.pdb”(使用“libeay32.lib(ec_pmeth.obj)”或在“E:\project\2018\2\28\RippleGen\Debug\lib.pdb”中寻找)；正在链接对象，如同没有调试信息一样
     1>libeay32.lib(eck_prn.obj) : warning LNK4099: 未找到 PDB“lib.pdb”(使用“libeay32.lib(eck_prn.obj)”或在“E:\project\2018\2\28\RippleGen\Debug\lib.pdb”中寻找)；正在链接对象，如同没有调试信息一样
     1>libeay32.lib(ecp_oct.obj) : warning LNK4099: 未找到 PDB“lib.pdb”(使用“libeay32.lib(ecp_oct.obj)”或在“E:\project\2018\2\28\RippleGen\Debug\lib.pdb”中寻找)；正在链接对象，如同没有调试信息一样
     1>libeay32.lib(ec2_oct.obj) : warning LNK4099: 未找到 PDB“lib.pdb”(使用“libeay32.lib(ec2_oct.obj)”或在“E:\project\2018\2\28\RippleGen\Debug\lib.pdb”中寻找)；正在链接对象，如同没有调试信息一样
     1>libeay32.lib(ec_oct.obj) : warning LNK4099: 未找到 PDB“lib.pdb”(使用“libeay32.lib(ec_oct.obj)”或在“E:\project\2018\2\28\RippleGen\Debug\lib.pdb”中寻找)；正在链接对象，如同没有调试信息一样
     1>libeay32.lib(ech_lib.obj) : warning LNK4099: 未找到 PDB“lib.pdb”(使用“libeay32.lib(ech_lib.obj)”或在“E:\project\2018\2\28\RippleGen\Debug\lib.pdb”中寻找)；正在链接对象，如同没有调试信息一样
     1>libeay32.lib(ech_ossl.obj) : warning LNK4099: 未找到 PDB“lib.pdb”(使用“libeay32.lib(ech_ossl.obj)”或在“E:\project\2018\2\28\RippleGen\Debug\lib.pdb”中寻找)；正在链接对象，如同没有调试信息一样
     1>libeay32.lib(ech_key.obj) : warning LNK4099: 未找到 PDB“lib.pdb”(使用“libeay32.lib(ech_key.obj)”或在“E:\project\2018\2\28\RippleGen\Debug\lib.pdb”中寻找)；正在链接对象，如同没有调试信息一样
     1>libeay32.lib(ech_kdf.obj) : warning LNK4099: 未找到 PDB“lib.pdb”(使用“libeay32.lib(ech_kdf.obj)”或在“E:\project\2018\2\28\RippleGen\Debug\lib.pdb”中寻找)；正在链接对象，如同没有调试信息一样
     1>libeay32.lib(ecs_lib.obj) : warning LNK4099: 未找到 PDB“lib.pdb”(使用“libeay32.lib(ecs_lib.obj)”或在“E:\project\2018\2\28\RippleGen\Debug\lib.pdb”中寻找)；正在链接对象，如同没有调试信息一样
     1>libeay32.lib(ecs_asn1.obj) : warning LNK4099: 未找到 PDB“lib.pdb”(使用“libeay32.lib(ecs_asn1.obj)”或在“E:\project\2018\2\28\RippleGen\Debug\lib.pdb”中寻找)；正在链接对象，如同没有调试信息一样
     1>libeay32.lib(ecs_ossl.obj) : warning LNK4099: 未找到 PDB“lib.pdb”(使用“libeay32.lib(ecs_ossl.obj)”或在“E:\project\2018\2\28\RippleGen\Debug\lib.pdb”中寻找)；正在链接对象，如同没有调试信息一样
     1>libeay32.lib(ecs_sign.obj) : warning LNK4099: 未找到 PDB“lib.pdb”(使用“libeay32.lib(ecs_sign.obj)”或在“E:\project\2018\2\28\RippleGen\Debug\lib.pdb”中寻找)；正在链接对象，如同没有调试信息一样
     1>libeay32.lib(ecs_vrf.obj) : warning LNK4099: 未找到 PDB“lib.pdb”(使用“libeay32.lib(ecs_vrf.obj)”或在“E:\project\2018\2\28\RippleGen\Debug\lib.pdb”中寻找)；正在链接对象，如同没有调试信息一样
     1>libeay32.lib(buffer.obj) : warning LNK4099: 未找到 PDB“lib.pdb”(使用“libeay32.lib(buffer.obj)”或在“E:\project\2018\2\28\RippleGen\Debug\lib.pdb”中寻找)；正在链接对象，如同没有调试信息一样
     1>libeay32.lib(buf_str.obj) : warning LNK4099: 未找到 PDB“lib.pdb”(使用“libeay32.lib(buf_str.obj)”或在“E:\project\2018\2\28\RippleGen\Debug\lib.pdb”中寻找)；正在链接对象，如同没有调试信息一样
     1>libeay32.lib(bio_lib.obj) : warning LNK4099: 未找到 PDB“lib.pdb”(使用“libeay32.lib(bio_lib.obj)”或在“E:\project\2018\2\28\RippleGen\Debug\lib.pdb”中寻找)；正在链接对象，如同没有调试信息一样
     1>libeay32.lib(bss_mem.obj) : warning LNK4099: 未找到 PDB“lib.pdb”(使用“libeay32.lib(bss_mem.obj)”或在“E:\project\2018\2\28\RippleGen\Debug\lib.pdb”中寻找)；正在链接对象，如同没有调试信息一样
     1>libeay32.lib(bss_null.obj) : warning LNK4099: 未找到 PDB“lib.pdb”(使用“libeay32.lib(bss_null.obj)”或在“E:\project\2018\2\28\RippleGen\Debug\lib.pdb”中寻找)；正在链接对象，如同没有调试信息一样
     1>libeay32.lib(bss_file.obj) : warning LNK4099: 未找到 PDB“lib.pdb”(使用“libeay32.lib(bss_file.obj)”或在“E:\project\2018\2\28\RippleGen\Debug\lib.pdb”中寻找)；正在链接对象，如同没有调试信息一样
     1>libeay32.lib(bf_buff.obj) : warning LNK4099: 未找到 PDB“lib.pdb”(使用“libeay32.lib(bf_buff.obj)”或在“E:\project\2018\2\28\RippleGen\Debug\lib.pdb”中寻找)；正在链接对象，如同没有调试信息一样
     1>libeay32.lib(b_print.obj) : warning LNK4099: 未找到 PDB“lib.pdb”(使用“libeay32.lib(b_print.obj)”或在“E:\project\2018\2\28\RippleGen\Debug\lib.pdb”中寻找)；正在链接对象，如同没有调试信息一样
     1>libeay32.lib(b_dump.obj) : warning LNK4099: 未找到 PDB“lib.pdb”(使用“libeay32.lib(b_dump.obj)”或在“E:\project\2018\2\28\RippleGen\Debug\lib.pdb”中寻找)；正在链接对象，如同没有调试信息一样
     1>libeay32.lib(stack.obj) : warning LNK4099: 未找到 PDB“lib.pdb”(使用“libeay32.lib(stack.obj)”或在“E:\project\2018\2\28\RippleGen\Debug\lib.pdb”中寻找)；正在链接对象，如同没有调试信息一样
     1>libeay32.lib(lhash.obj) : warning LNK4099: 未找到 PDB“lib.pdb”(使用“libeay32.lib(lhash.obj)”或在“E:\project\2018\2\28\RippleGen\Debug\lib.pdb”中寻找)；正在链接对象，如同没有调试信息一样
     1>libeay32.lib(md_rand.obj) : warning LNK4099: 未找到 PDB“lib.pdb”(使用“libeay32.lib(md_rand.obj)”或在“E:\project\2018\2\28\RippleGen\Debug\lib.pdb”中寻找)；正在链接对象，如同没有调试信息一样
     1>libeay32.lib(rand_lib.obj) : warning LNK4099: 未找到 PDB“lib.pdb”(使用“libeay32.lib(rand_lib.obj)”或在“E:\project\2018\2\28\RippleGen\Debug\lib.pdb”中寻找)；正在链接对象，如同没有调试信息一样
     1>libeay32.lib(rand_win.obj) : warning LNK4099: 未找到 PDB“lib.pdb”(使用“libeay32.lib(rand_win.obj)”或在“E:\project\2018\2\28\RippleGen\Debug\lib.pdb”中寻找)；正在链接对象，如同没有调试信息一样
     1>libeay32.lib(err.obj) : warning LNK4099: 未找到 PDB“lib.pdb”(使用“libeay32.lib(err.obj)”或在“E:\project\2018\2\28\RippleGen\Debug\lib.pdb”中寻找)；正在链接对象，如同没有调试信息一样
     1>libeay32.lib(err_prn.obj) : warning LNK4099: 未找到 PDB“lib.pdb”(使用“libeay32.lib(err_prn.obj)”或在“E:\project\2018\2\28\RippleGen\Debug\lib.pdb”中寻找)；正在链接对象，如同没有调试信息一样
     1>libeay32.lib(o_names.obj) : warning LNK4099: 未找到 PDB“lib.pdb”(使用“libeay32.lib(o_names.obj)”或在“E:\project\2018\2\28\RippleGen\Debug\lib.pdb”中寻找)；正在链接对象，如同没有调试信息一样
     1>libeay32.lib(obj_dat.obj) : warning LNK4099: 未找到 PDB“lib.pdb”(使用“libeay32.lib(obj_dat.obj)”或在“E:\project\2018\2\28\RippleGen\Debug\lib.pdb”中寻找)；正在链接对象，如同没有调试信息一样
     1>libeay32.lib(obj_lib.obj) : warning LNK4099: 未找到 PDB“lib.pdb”(使用“libeay32.lib(obj_lib.obj)”或在“E:\project\2018\2\28\RippleGen\Debug\lib.pdb”中寻找)；正在链接对象，如同没有调试信息一样
     1>libeay32.lib(obj_xref.obj) : warning LNK4099: 未找到 PDB“lib.pdb”(使用“libeay32.lib(obj_xref.obj)”或在“E:\project\2018\2\28\RippleGen\Debug\lib.pdb”中寻找)；正在链接对象，如同没有调试信息一样
     1>libeay32.lib(encode.obj) : warning LNK4099: 未找到 PDB“lib.pdb”(使用“libeay32.lib(encode.obj)”或在“E:\project\2018\2\28\RippleGen\Debug\lib.pdb”中寻找)；正在链接对象，如同没有调试信息一样
     1>libeay32.lib(digest.obj) : warning LNK4099: 未找到 PDB“lib.pdb”(使用“libeay32.lib(digest.obj)”或在“E:\project\2018\2\28\RippleGen\Debug\lib.pdb”中寻找)；正在链接对象，如同没有调试信息一样
     1>libeay32.lib(evp_enc.obj) : warning LNK4099: 未找到 PDB“lib.pdb”(使用“libeay32.lib(evp_enc.obj)”或在“E:\project\2018\2\28\RippleGen\Debug\lib.pdb”中寻找)；正在链接对象，如同没有调试信息一样
     1>libeay32.lib(evp_key.obj) : warning LNK4099: 未找到 PDB“lib.pdb”(使用“libeay32.lib(evp_key.obj)”或在“E:\project\2018\2\28\RippleGen\Debug\lib.pdb”中寻找)；正在链接对象，如同没有调试信息一样
     1>libeay32.lib(e_des3.obj) : warning LNK4099: 未找到 PDB“lib.pdb”(使用“libeay32.lib(e_des3.obj)”或在“E:\project\2018\2\28\RippleGen\Debug\lib.pdb”中寻找)；正在链接对象，如同没有调试信息一样
     1>libeay32.lib(e_aes.obj) : warning LNK4099: 未找到 PDB“lib.pdb”(使用“libeay32.lib(e_aes.obj)”或在“E:\project\2018\2\28\RippleGen\Debug\lib.pdb”中寻找)；正在链接对象，如同没有调试信息一样
     1>libeay32.lib(names.obj) : warning LNK4099: 未找到 PDB“lib.pdb”(使用“libeay32.lib(names.obj)”或在“E:\project\2018\2\28\RippleGen\Debug\lib.pdb”中寻找)；正在链接对象，如同没有调试信息一样
     1>libeay32.lib(m_md5.obj) : warning LNK4099: 未找到 PDB“lib.pdb”(使用“libeay32.lib(m_md5.obj)”或在“E:\project\2018\2\28\RippleGen\Debug\lib.pdb”中寻找)；正在链接对象，如同没有调试信息一样
     1>libeay32.lib(m_sha1.obj) : warning LNK4099: 未找到 PDB“lib.pdb”(使用“libeay32.lib(m_sha1.obj)”或在“E:\project\2018\2\28\RippleGen\Debug\lib.pdb”中寻找)；正在链接对象，如同没有调试信息一样
     1>libeay32.lib(p_sign.obj) : warning LNK4099: 未找到 PDB“lib.pdb”(使用“libeay32.lib(p_sign.obj)”或在“E:\project\2018\2\28\RippleGen\Debug\lib.pdb”中寻找)；正在链接对象，如同没有调试信息一样
     1>libeay32.lib(p_verify.obj) : warning LNK4099: 未找到 PDB“lib.pdb”(使用“libeay32.lib(p_verify.obj)”或在“E:\project\2018\2\28\RippleGen\Debug\lib.pdb”中寻找)；正在链接对象，如同没有调试信息一样
     1>libeay32.lib(p_lib.obj) : warning LNK4099: 未找到 PDB“lib.pdb”(使用“libeay32.lib(p_lib.obj)”或在“E:\project\2018\2\28\RippleGen\Debug\lib.pdb”中寻找)；正在链接对象，如同没有调试信息一样
     1>libeay32.lib(bio_md.obj) : warning LNK4099: 未找到 PDB“lib.pdb”(使用“libeay32.lib(bio_md.obj)”或在“E:\project\2018\2\28\RippleGen\Debug\lib.pdb”中寻找)；正在链接对象，如同没有调试信息一样
     1>libeay32.lib(bio_b64.obj) : warning LNK4099: 未找到 PDB“lib.pdb”(使用“libeay32.lib(bio_b64.obj)”或在“E:\project\2018\2\28\RippleGen\Debug\lib.pdb”中寻找)；正在链接对象，如同没有调试信息一样
     1>libeay32.lib(bio_enc.obj) : warning LNK4099: 未找到 PDB“lib.pdb”(使用“libeay32.lib(bio_enc.obj)”或在“E:\project\2018\2\28\RippleGen\Debug\lib.pdb”中寻找)；正在链接对象，如同没有调试信息一样
     1>libeay32.lib(evp_lib.obj) : warning LNK4099: 未找到 PDB“lib.pdb”(使用“libeay32.lib(evp_lib.obj)”或在“E:\project\2018\2\28\RippleGen\Debug\lib.pdb”中寻找)；正在链接对象，如同没有调试信息一样
     1>libeay32.lib(evp_pkey.obj) : warning LNK4099: 未找到 PDB“lib.pdb”(使用“libeay32.lib(evp_pkey.obj)”或在“E:\project\2018\2\28\RippleGen\Debug\lib.pdb”中寻找)；正在链接对象，如同没有调试信息一样
     1>libeay32.lib(evp_pbe.obj) : warning LNK4099: 未找到 PDB“lib.pdb”(使用“libeay32.lib(evp_pbe.obj)”或在“E:\project\2018\2\28\RippleGen\Debug\lib.pdb”中寻找)；正在链接对象，如同没有调试信息一样
     1>libeay32.lib(p5_crpt.obj) : warning LNK4099: 未找到 PDB“lib.pdb”(使用“libeay32.lib(p5_crpt.obj)”或在“E:\project\2018\2\28\RippleGen\Debug\lib.pdb”中寻找)；正在链接对象，如同没有调试信息一样
     1>libeay32.lib(p5_crpt2.obj) : warning LNK4099: 未找到 PDB“lib.pdb”(使用“libeay32.lib(p5_crpt2.obj)”或在“E:\project\2018\2\28\RippleGen\Debug\lib.pdb”中寻找)；正在链接对象，如同没有调试信息一样
     1>libeay32.lib(pmeth_lib.obj) : warning LNK4099: 未找到 PDB“lib.pdb”(使用“libeay32.lib(pmeth_lib.obj)”或在“E:\project\2018\2\28\RippleGen\Debug\lib.pdb”中寻找)；正在链接对象，如同没有调试信息一样
     1>libeay32.lib(pmeth_fn.obj) : warning LNK4099: 未找到 PDB“lib.pdb”(使用“libeay32.lib(pmeth_fn.obj)”或在“E:\project\2018\2\28\RippleGen\Debug\lib.pdb”中寻找)；正在链接对象，如同没有调试信息一样
     1>libeay32.lib(pmeth_gn.obj) : warning LNK4099: 未找到 PDB“lib.pdb”(使用“libeay32.lib(pmeth_gn.obj)”或在“E:\project\2018\2\28\RippleGen\Debug\lib.pdb”中寻找)；正在链接对象，如同没有调试信息一样
     1>libeay32.lib(m_sigver.obj) : warning LNK4099: 未找到 PDB“lib.pdb”(使用“libeay32.lib(m_sigver.obj)”或在“E:\project\2018\2\28\RippleGen\Debug\lib.pdb”中寻找)；正在链接对象，如同没有调试信息一样
     1>libeay32.lib(a_object.obj) : warning LNK4099: 未找到 PDB“lib.pdb”(使用“libeay32.lib(a_object.obj)”或在“E:\project\2018\2\28\RippleGen\Debug\lib.pdb”中寻找)；正在链接对象，如同没有调试信息一样
     1>libeay32.lib(a_bitstr.obj) : warning LNK4099: 未找到 PDB“lib.pdb”(使用“libeay32.lib(a_bitstr.obj)”或在“E:\project\2018\2\28\RippleGen\Debug\lib.pdb”中寻找)；正在链接对象，如同没有调试信息一样
     1>libeay32.lib(a_utctm.obj) : warning LNK4099: 未找到 PDB“lib.pdb”(使用“libeay32.lib(a_utctm.obj)”或在“E:\project\2018\2\28\RippleGen\Debug\lib.pdb”中寻找)；正在链接对象，如同没有调试信息一样
     1>libeay32.lib(a_gentm.obj) : warning LNK4099: 未找到 PDB“lib.pdb”(使用“libeay32.lib(a_gentm.obj)”或在“E:\project\2018\2\28\RippleGen\Debug\lib.pdb”中寻找)；正在链接对象，如同没有调试信息一样
     1>libeay32.lib(a_time.obj) : warning LNK4099: 未找到 PDB“lib.pdb”(使用“libeay32.lib(a_time.obj)”或在“E:\project\2018\2\28\RippleGen\Debug\lib.pdb”中寻找)；正在链接对象，如同没有调试信息一样
     1>libeay32.lib(a_int.obj) : warning LNK4099: 未找到 PDB“lib.pdb”(使用“libeay32.lib(a_int.obj)”或在“E:\project\2018\2\28\RippleGen\Debug\lib.pdb”中寻找)；正在链接对象，如同没有调试信息一样
     1>libeay32.lib(a_octet.obj) : warning LNK4099: 未找到 PDB“lib.pdb”(使用“libeay32.lib(a_octet.obj)”或在“E:\project\2018\2\28\RippleGen\Debug\lib.pdb”中寻找)；正在链接对象，如同没有调试信息一样
     1>libeay32.lib(a_print.obj) : warning LNK4099: 未找到 PDB“lib.pdb”(使用“libeay32.lib(a_print.obj)”或在“E:\project\2018\2\28\RippleGen\Debug\lib.pdb”中寻找)；正在链接对象，如同没有调试信息一样
     1>libeay32.lib(a_type.obj) : warning LNK4099: 未找到 PDB“lib.pdb”(使用“libeay32.lib(a_type.obj)”或在“E:\project\2018\2\28\RippleGen\Debug\lib.pdb”中寻找)；正在链接对象，如同没有调试信息一样
     1>libeay32.lib(a_set.obj) : warning LNK4099: 未找到 PDB“lib.pdb”(使用“libeay32.lib(a_set.obj)”或在“E:\project\2018\2\28\RippleGen\Debug\lib.pdb”中寻找)；正在链接对象，如同没有调试信息一样
     1>libeay32.lib(a_dup.obj) : warning LNK4099: 未找到 PDB“lib.pdb”(使用“libeay32.lib(a_dup.obj)”或在“E:\project\2018\2\28\RippleGen\Debug\lib.pdb”中寻找)；正在链接对象，如同没有调试信息一样
     1>libeay32.lib(a_d2i_fp.obj) : warning LNK4099: 未找到 PDB“lib.pdb”(使用“libeay32.lib(a_d2i_fp.obj)”或在“E:\project\2018\2\28\RippleGen\Debug\lib.pdb”中寻找)；正在链接对象，如同没有调试信息一样
     1>libeay32.lib(a_i2d_fp.obj) : warning LNK4099: 未找到 PDB“lib.pdb”(使用“libeay32.lib(a_i2d_fp.obj)”或在“E:\project\2018\2\28\RippleGen\Debug\lib.pdb”中寻找)；正在链接对象，如同没有调试信息一样
     1>libeay32.lib(a_enum.obj) : warning LNK4099: 未找到 PDB“lib.pdb”(使用“libeay32.lib(a_enum.obj)”或在“E:\project\2018\2\28\RippleGen\Debug\lib.pdb”中寻找)；正在链接对象，如同没有调试信息一样
     1>libeay32.lib(a_utf8.obj) : warning LNK4099: 未找到 PDB“lib.pdb”(使用“libeay32.lib(a_utf8.obj)”或在“E:\project\2018\2\28\RippleGen\Debug\lib.pdb”中寻找)；正在链接对象，如同没有调试信息一样
     1>libeay32.lib(a_sign.obj) : warning LNK4099: 未找到 PDB“lib.pdb”(使用“libeay32.lib(a_sign.obj)”或在“E:\project\2018\2\28\RippleGen\Debug\lib.pdb”中寻找)；正在链接对象，如同没有调试信息一样
     1>libeay32.lib(a_digest.obj) : warning LNK4099: 未找到 PDB“lib.pdb”(使用“libeay32.lib(a_digest.obj)”或在“E:\project\2018\2\28\RippleGen\Debug\lib.pdb”中寻找)；正在链接对象，如同没有调试信息一样
     1>libeay32.lib(a_verify.obj) : warning LNK4099: 未找到 PDB“lib.pdb”(使用“libeay32.lib(a_verify.obj)”或在“E:\project\2018\2\28\RippleGen\Debug\lib.pdb”中寻找)；正在链接对象，如同没有调试信息一样
     1>libeay32.lib(a_mbstr.obj) : warning LNK4099: 未找到 PDB“lib.pdb”(使用“libeay32.lib(a_mbstr.obj)”或在“E:\project\2018\2\28\RippleGen\Debug\lib.pdb”中寻找)；正在链接对象，如同没有调试信息一样
     1>libeay32.lib(a_strex.obj) : warning LNK4099: 未找到 PDB“lib.pdb”(使用“libeay32.lib(a_strex.obj)”或在“E:\project\2018\2\28\RippleGen\Debug\lib.pdb”中寻找)；正在链接对象，如同没有调试信息一样
     1>libeay32.lib(x_algor.obj) : warning LNK4099: 未找到 PDB“lib.pdb”(使用“libeay32.lib(x_algor.obj)”或在“E:\project\2018\2\28\RippleGen\Debug\lib.pdb”中寻找)；正在链接对象，如同没有调试信息一样
     1>libeay32.lib(x_val.obj) : warning LNK4099: 未找到 PDB“lib.pdb”(使用“libeay32.lib(x_val.obj)”或在“E:\project\2018\2\28\RippleGen\Debug\lib.pdb”中寻找)；正在链接对象，如同没有调试信息一样
     1>libeay32.lib(x_pubkey.obj) : warning LNK4099: 未找到 PDB“lib.pdb”(使用“libeay32.lib(x_pubkey.obj)”或在“E:\project\2018\2\28\RippleGen\Debug\lib.pdb”中寻找)；正在链接对象，如同没有调试信息一样
     1>libeay32.lib(x_sig.obj) : warning LNK4099: 未找到 PDB“lib.pdb”(使用“libeay32.lib(x_sig.obj)”或在“E:\project\2018\2\28\RippleGen\Debug\lib.pdb”中寻找)；正在链接对象，如同没有调试信息一样
     1>libeay32.lib(x_req.obj) : warning LNK4099: 未找到 PDB“lib.pdb”(使用“libeay32.lib(x_req.obj)”或在“E:\project\2018\2\28\RippleGen\Debug\lib.pdb”中寻找)；正在链接对象，如同没有调试信息一样
     1>libeay32.lib(x_attrib.obj) : warning LNK4099: 未找到 PDB“lib.pdb”(使用“libeay32.lib(x_attrib.obj)”或在“E:\project\2018\2\28\RippleGen\Debug\lib.pdb”中寻找)；正在链接对象，如同没有调试信息一样
     1>libeay32.lib(x_bignum.obj) : warning LNK4099: 未找到 PDB“lib.pdb”(使用“libeay32.lib(x_bignum.obj)”或在“E:\project\2018\2\28\RippleGen\Debug\lib.pdb”中寻找)；正在链接对象，如同没有调试信息一样
     1>libeay32.lib(x_long.obj) : warning LNK4099: 未找到 PDB“lib.pdb”(使用“libeay32.lib(x_long.obj)”或在“E:\project\2018\2\28\RippleGen\Debug\lib.pdb”中寻找)；正在链接对象，如同没有调试信息一样
     1>libeay32.lib(x_name.obj) : warning LNK4099: 未找到 PDB“lib.pdb”(使用“libeay32.lib(x_name.obj)”或在“E:\project\2018\2\28\RippleGen\Debug\lib.pdb”中寻找)；正在链接对象，如同没有调试信息一样
     1>libeay32.lib(x_x509.obj) : warning LNK4099: 未找到 PDB“lib.pdb”(使用“libeay32.lib(x_x509.obj)”或在“E:\project\2018\2\28\RippleGen\Debug\lib.pdb”中寻找)；正在链接对象，如同没有调试信息一样
     1>libeay32.lib(x_x509a.obj) : warning LNK4099: 未找到 PDB“lib.pdb”(使用“libeay32.lib(x_x509a.obj)”或在“E:\project\2018\2\28\RippleGen\Debug\lib.pdb”中寻找)；正在链接对象，如同没有调试信息一样
     1>libeay32.lib(x_crl.obj) : warning LNK4099: 未找到 PDB“lib.pdb”(使用“libeay32.lib(x_crl.obj)”或在“E:\project\2018\2\28\RippleGen\Debug\lib.pdb”中寻找)；正在链接对象，如同没有调试信息一样
     1>libeay32.lib(x_spki.obj) : warning LNK4099: 未找到 PDB“lib.pdb”(使用“libeay32.lib(x_spki.obj)”或在“E:\project\2018\2\28\RippleGen\Debug\lib.pdb”中寻找)；正在链接对象，如同没有调试信息一样
     1>libeay32.lib(d2i_pr.obj) : warning LNK4099: 未找到 PDB“lib.pdb”(使用“libeay32.lib(d2i_pr.obj)”或在“E:\project\2018\2\28\RippleGen\Debug\lib.pdb”中寻找)；正在链接对象，如同没有调试信息一样
     1>libeay32.lib(i2d_pr.obj) : warning LNK4099: 未找到 PDB“lib.pdb”(使用“libeay32.lib(i2d_pr.obj)”或在“E:\project\2018\2\28\RippleGen\Debug\lib.pdb”中寻找)；正在链接对象，如同没有调试信息一样
     1>libeay32.lib(t_x509.obj) : warning LNK4099: 未找到 PDB“lib.pdb”(使用“libeay32.lib(t_x509.obj)”或在“E:\project\2018\2\28\RippleGen\Debug\lib.pdb”中寻找)；正在链接对象，如同没有调试信息一样
     1>libeay32.lib(t_x509a.obj) : warning LNK4099: 未找到 PDB“lib.pdb”(使用“libeay32.lib(t_x509a.obj)”或在“E:\project\2018\2\28\RippleGen\Debug\lib.pdb”中寻找)；正在链接对象，如同没有调试信息一样
     1>libeay32.lib(t_pkey.obj) : warning LNK4099: 未找到 PDB“lib.pdb”(使用“libeay32.lib(t_pkey.obj)”或在“E:\project\2018\2\28\RippleGen\Debug\lib.pdb”中寻找)；正在链接对象，如同没有调试信息一样
     1>libeay32.lib(tasn_new.obj) : warning LNK4099: 未找到 PDB“lib.pdb”(使用“libeay32.lib(tasn_new.obj)”或在“E:\project\2018\2\28\RippleGen\Debug\lib.pdb”中寻找)；正在链接对象，如同没有调试信息一样
     1>libeay32.lib(tasn_fre.obj) : warning LNK4099: 未找到 PDB“lib.pdb”(使用“libeay32.lib(tasn_fre.obj)”或在“E:\project\2018\2\28\RippleGen\Debug\lib.pdb”中寻找)；正在链接对象，如同没有调试信息一样
     1>libeay32.lib(tasn_enc.obj) : warning LNK4099: 未找到 PDB“lib.pdb”(使用“libeay32.lib(tasn_enc.obj)”或在“E:\project\2018\2\28\RippleGen\Debug\lib.pdb”中寻找)；正在链接对象，如同没有调试信息一样
     1>libeay32.lib(tasn_dec.obj) : warning LNK4099: 未找到 PDB“lib.pdb”(使用“libeay32.lib(tasn_dec.obj)”或在“E:\project\2018\2\28\RippleGen\Debug\lib.pdb”中寻找)；正在链接对象，如同没有调试信息一样
     1>libeay32.lib(tasn_utl.obj) : warning LNK4099: 未找到 PDB“lib.pdb”(使用“libeay32.lib(tasn_utl.obj)”或在“E:\project\2018\2\28\RippleGen\Debug\lib.pdb”中寻找)；正在链接对象，如同没有调试信息一样
     1>libeay32.lib(tasn_typ.obj) : warning LNK4099: 未找到 PDB“lib.pdb”(使用“libeay32.lib(tasn_typ.obj)”或在“E:\project\2018\2\28\RippleGen\Debug\lib.pdb”中寻找)；正在链接对象，如同没有调试信息一样
     1>libeay32.lib(tasn_prn.obj) : warning LNK4099: 未找到 PDB“lib.pdb”(使用“libeay32.lib(tasn_prn.obj)”或在“E:\project\2018\2\28\RippleGen\Debug\lib.pdb”中寻找)；正在链接对象，如同没有调试信息一样
     1>libeay32.lib(ameth_lib.obj) : warning LNK4099: 未找到 PDB“lib.pdb”(使用“libeay32.lib(ameth_lib.obj)”或在“E:\project\2018\2\28\RippleGen\Debug\lib.pdb”中寻找)；正在链接对象，如同没有调试信息一样
     1>libeay32.lib(f_int.obj) : warning LNK4099: 未找到 PDB“lib.pdb”(使用“libeay32.lib(f_int.obj)”或在“E:\project\2018\2\28\RippleGen\Debug\lib.pdb”中寻找)；正在链接对象，如同没有调试信息一样
     1>libeay32.lib(f_string.obj) : warning LNK4099: 未找到 PDB“lib.pdb”(使用“libeay32.lib(f_string.obj)”或在“E:\project\2018\2\28\RippleGen\Debug\lib.pdb”中寻找)；正在链接对象，如同没有调试信息一样
     1>libeay32.lib(a_bool.obj) : warning LNK4099: 未找到 PDB“lib.pdb”(使用“libeay32.lib(a_bool.obj)”或在“E:\project\2018\2\28\RippleGen\Debug\lib.pdb”中寻找)；正在链接对象，如同没有调试信息一样
     1>libeay32.lib(x_exten.obj) : warning LNK4099: 未找到 PDB“lib.pdb”(使用“libeay32.lib(x_exten.obj)”或在“E:\project\2018\2\28\RippleGen\Debug\lib.pdb”中寻找)；正在链接对象，如同没有调试信息一样
     1>libeay32.lib(bio_asn1.obj) : warning LNK4099: 未找到 PDB“lib.pdb”(使用“libeay32.lib(bio_asn1.obj)”或在“E:\project\2018\2\28\RippleGen\Debug\lib.pdb”中寻找)；正在链接对象，如同没有调试信息一样
     1>libeay32.lib(bio_ndef.obj) : warning LNK4099: 未找到 PDB“lib.pdb”(使用“libeay32.lib(bio_ndef.obj)”或在“E:\project\2018\2\28\RippleGen\Debug\lib.pdb”中寻找)；正在链接对象，如同没有调试信息一样
     1>libeay32.lib(asn_mime.obj) : warning LNK4099: 未找到 PDB“lib.pdb”(使用“libeay32.lib(asn_mime.obj)”或在“E:\project\2018\2\28\RippleGen\Debug\lib.pdb”中寻找)；正在链接对象，如同没有调试信息一样
     1>libeay32.lib(asn1_gen.obj) : warning LNK4099: 未找到 PDB“lib.pdb”(使用“libeay32.lib(asn1_gen.obj)”或在“E:\project\2018\2\28\RippleGen\Debug\lib.pdb”中寻找)；正在链接对象，如同没有调试信息一样
     1>libeay32.lib(asn1_par.obj) : warning LNK4099: 未找到 PDB“lib.pdb”(使用“libeay32.lib(asn1_par.obj)”或在“E:\project\2018\2\28\RippleGen\Debug\lib.pdb”中寻找)；正在链接对象，如同没有调试信息一样
     1>libeay32.lib(asn1_lib.obj) : warning LNK4099: 未找到 PDB“lib.pdb”(使用“libeay32.lib(asn1_lib.obj)”或在“E:\project\2018\2\28\RippleGen\Debug\lib.pdb”中寻找)；正在链接对象，如同没有调试信息一样
     1>libeay32.lib(a_bytes.obj) : warning LNK4099: 未找到 PDB“lib.pdb”(使用“libeay32.lib(a_bytes.obj)”或在“E:\project\2018\2\28\RippleGen\Debug\lib.pdb”中寻找)；正在链接对象，如同没有调试信息一样
     1>libeay32.lib(a_strnid.obj) : warning LNK4099: 未找到 PDB“lib.pdb”(使用“libeay32.lib(a_strnid.obj)”或在“E:\project\2018\2\28\RippleGen\Debug\lib.pdb”中寻找)；正在链接对象，如同没有调试信息一样
     1>libeay32.lib(evp_asn1.obj) : warning LNK4099: 未找到 PDB“lib.pdb”(使用“libeay32.lib(evp_asn1.obj)”或在“E:\project\2018\2\28\RippleGen\Debug\lib.pdb”中寻找)；正在链接对象，如同没有调试信息一样
     1>libeay32.lib(asn_pack.obj) : warning LNK4099: 未找到 PDB“lib.pdb”(使用“libeay32.lib(asn_pack.obj)”或在“E:\project\2018\2\28\RippleGen\Debug\lib.pdb”中寻找)；正在链接对象，如同没有调试信息一样
     1>libeay32.lib(p5_pbe.obj) : warning LNK4099: 未找到 PDB“lib.pdb”(使用“libeay32.lib(p5_pbe.obj)”或在“E:\project\2018\2\28\RippleGen\Debug\lib.pdb”中寻找)；正在链接对象，如同没有调试信息一样
     1>libeay32.lib(p5_pbev2.obj) : warning LNK4099: 未找到 PDB“lib.pdb”(使用“libeay32.lib(p5_pbev2.obj)”或在“E:\project\2018\2\28\RippleGen\Debug\lib.pdb”中寻找)；正在链接对象，如同没有调试信息一样
     1>libeay32.lib(p8_pkey.obj) : warning LNK4099: 未找到 PDB“lib.pdb”(使用“libeay32.lib(p8_pkey.obj)”或在“E:\project\2018\2\28\RippleGen\Debug\lib.pdb”中寻找)；正在链接对象，如同没有调试信息一样
     1>libeay32.lib(pem_lib.obj) : warning LNK4099: 未找到 PDB“lib.pdb”(使用“libeay32.lib(pem_lib.obj)”或在“E:\project\2018\2\28\RippleGen\Debug\lib.pdb”中寻找)；正在链接对象，如同没有调试信息一样
     1>libeay32.lib(pem_oth.obj) : warning LNK4099: 未找到 PDB“lib.pdb”(使用“libeay32.lib(pem_oth.obj)”或在“E:\project\2018\2\28\RippleGen\Debug\lib.pdb”中寻找)；正在链接对象，如同没有调试信息一样
     1>libeay32.lib(x509_def.obj) : warning LNK4099: 未找到 PDB“lib.pdb”(使用“libeay32.lib(x509_def.obj)”或在“E:\project\2018\2\28\RippleGen\Debug\lib.pdb”中寻找)；正在链接对象，如同没有调试信息一样
     1>libeay32.lib(x509_cmp.obj) : warning LNK4099: 未找到 PDB“lib.pdb”(使用“libeay32.lib(x509_cmp.obj)”或在“E:\project\2018\2\28\RippleGen\Debug\lib.pdb”中寻找)；正在链接对象，如同没有调试信息一样
     1>libeay32.lib(x509_obj.obj) : warning LNK4099: 未找到 PDB“lib.pdb”(使用“libeay32.lib(x509_obj.obj)”或在“E:\project\2018\2\28\RippleGen\Debug\lib.pdb”中寻找)；正在链接对象，如同没有调试信息一样
     1>libeay32.lib(x509_req.obj) : warning LNK4099: 未找到 PDB“lib.pdb”(使用“libeay32.lib(x509_req.obj)”或在“E:\project\2018\2\28\RippleGen\Debug\lib.pdb”中寻找)；正在链接对象，如同没有调试信息一样
     1>libeay32.lib(x509_vfy.obj) : warning LNK4099: 未找到 PDB“lib.pdb”(使用“libeay32.lib(x509_vfy.obj)”或在“E:\project\2018\2\28\RippleGen\Debug\lib.pdb”中寻找)；正在链接对象，如同没有调试信息一样
     1>libeay32.lib(x509cset.obj) : warning LNK4099: 未找到 PDB“lib.pdb”(使用“libeay32.lib(x509cset.obj)”或在“E:\project\2018\2\28\RippleGen\Debug\lib.pdb”中寻找)；正在链接对象，如同没有调试信息一样
     1>libeay32.lib(x509rset.obj) : warning LNK4099: 未找到 PDB“lib.pdb”(使用“libeay32.lib(x509rset.obj)”或在“E:\project\2018\2\28\RippleGen\Debug\lib.pdb”中寻找)；正在链接对象，如同没有调试信息一样
     1>libeay32.lib(x509name.obj) : warning LNK4099: 未找到 PDB“lib.pdb”(使用“libeay32.lib(x509name.obj)”或在“E:\project\2018\2\28\RippleGen\Debug\lib.pdb”中寻找)；正在链接对象，如同没有调试信息一样
     1>libeay32.lib(x509_v3.obj) : warning LNK4099: 未找到 PDB“lib.pdb”(使用“libeay32.lib(x509_v3.obj)”或在“E:\project\2018\2\28\RippleGen\Debug\lib.pdb”中寻找)；正在链接对象，如同没有调试信息一样
     1>libeay32.lib(x509_ext.obj) : warning LNK4099: 未找到 PDB“lib.pdb”(使用“libeay32.lib(x509_ext.obj)”或在“E:\project\2018\2\28\RippleGen\Debug\lib.pdb”中寻找)；正在链接对象，如同没有调试信息一样
     1>libeay32.lib(x509_att.obj) : warning LNK4099: 未找到 PDB“lib.pdb”(使用“libeay32.lib(x509_att.obj)”或在“E:\project\2018\2\28\RippleGen\Debug\lib.pdb”中寻找)；正在链接对象，如同没有调试信息一样
     1>libeay32.lib(x509_lu.obj) : warning LNK4099: 未找到 PDB“lib.pdb”(使用“libeay32.lib(x509_lu.obj)”或在“E:\project\2018\2\28\RippleGen\Debug\lib.pdb”中寻找)；正在链接对象，如同没有调试信息一样
     1>libeay32.lib(x_all.obj) : warning LNK4099: 未找到 PDB“lib.pdb”(使用“libeay32.lib(x_all.obj)”或在“E:\project\2018\2\28\RippleGen\Debug\lib.pdb”中寻找)；正在链接对象，如同没有调试信息一样
     1>libeay32.lib(x509_trs.obj) : warning LNK4099: 未找到 PDB“lib.pdb”(使用“libeay32.lib(x509_trs.obj)”或在“E:\project\2018\2\28\RippleGen\Debug\lib.pdb”中寻找)；正在链接对象，如同没有调试信息一样
     1>libeay32.lib(x509_vpm.obj) : warning LNK4099: 未找到 PDB“lib.pdb”(使用“libeay32.lib(x509_vpm.obj)”或在“E:\project\2018\2\28\RippleGen\Debug\lib.pdb”中寻找)；正在链接对象，如同没有调试信息一样
     1>libeay32.lib(v3_bcons.obj) : warning LNK4099: 未找到 PDB“lib.pdb”(使用“libeay32.lib(v3_bcons.obj)”或在“E:\project\2018\2\28\RippleGen\Debug\lib.pdb”中寻找)；正在链接对象，如同没有调试信息一样
     1>libeay32.lib(v3_bitst.obj) : warning LNK4099: 未找到 PDB“lib.pdb”(使用“libeay32.lib(v3_bitst.obj)”或在“E:\project\2018\2\28\RippleGen\Debug\lib.pdb”中寻找)；正在链接对象，如同没有调试信息一样
     1>libeay32.lib(v3_conf.obj) : warning LNK4099: 未找到 PDB“lib.pdb”(使用“libeay32.lib(v3_conf.obj)”或在“E:\project\2018\2\28\RippleGen\Debug\lib.pdb”中寻找)；正在链接对象，如同没有调试信息一样
     1>libeay32.lib(v3_extku.obj) : warning LNK4099: 未找到 PDB“lib.pdb”(使用“libeay32.lib(v3_extku.obj)”或在“E:\project\2018\2\28\RippleGen\Debug\lib.pdb”中寻找)；正在链接对象，如同没有调试信息一样
     1>libeay32.lib(v3_ia5.obj) : warning LNK4099: 未找到 PDB“lib.pdb”(使用“libeay32.lib(v3_ia5.obj)”或在“E:\project\2018\2\28\RippleGen\Debug\lib.pdb”中寻找)；正在链接对象，如同没有调试信息一样
     1>libeay32.lib(v3_lib.obj) : warning LNK4099: 未找到 PDB“lib.pdb”(使用“libeay32.lib(v3_lib.obj)”或在“E:\project\2018\2\28\RippleGen\Debug\lib.pdb”中寻找)；正在链接对象，如同没有调试信息一样
     1>libeay32.lib(v3_prn.obj) : warning LNK4099: 未找到 PDB“lib.pdb”(使用“libeay32.lib(v3_prn.obj)”或在“E:\project\2018\2\28\RippleGen\Debug\lib.pdb”中寻找)；正在链接对象，如同没有调试信息一样
     1>libeay32.lib(v3_utl.obj) : warning LNK4099: 未找到 PDB“lib.pdb”(使用“libeay32.lib(v3_utl.obj)”或在“E:\project\2018\2\28\RippleGen\Debug\lib.pdb”中寻找)；正在链接对象，如同没有调试信息一样
     1>libeay32.lib(v3_genn.obj) : warning LNK4099: 未找到 PDB“lib.pdb”(使用“libeay32.lib(v3_genn.obj)”或在“E:\project\2018\2\28\RippleGen\Debug\lib.pdb”中寻找)；正在链接对象，如同没有调试信息一样
     1>libeay32.lib(v3_alt.obj) : warning LNK4099: 未找到 PDB“lib.pdb”(使用“libeay32.lib(v3_alt.obj)”或在“E:\project\2018\2\28\RippleGen\Debug\lib.pdb”中寻找)；正在链接对象，如同没有调试信息一样
     1>libeay32.lib(v3_skey.obj) : warning LNK4099: 未找到 PDB“lib.pdb”(使用“libeay32.lib(v3_skey.obj)”或在“E:\project\2018\2\28\RippleGen\Debug\lib.pdb”中寻找)；正在链接对象，如同没有调试信息一样
     1>libeay32.lib(v3_akey.obj) : warning LNK4099: 未找到 PDB“lib.pdb”(使用“libeay32.lib(v3_akey.obj)”或在“E:\project\2018\2\28\RippleGen\Debug\lib.pdb”中寻找)；正在链接对象，如同没有调试信息一样
     1>libeay32.lib(v3_pku.obj) : warning LNK4099: 未找到 PDB“lib.pdb”(使用“libeay32.lib(v3_pku.obj)”或在“E:\project\2018\2\28\RippleGen\Debug\lib.pdb”中寻找)；正在链接对象，如同没有调试信息一样
     1>libeay32.lib(v3_int.obj) : warning LNK4099: 未找到 PDB“lib.pdb”(使用“libeay32.lib(v3_int.obj)”或在“E:\project\2018\2\28\RippleGen\Debug\lib.pdb”中寻找)；正在链接对象，如同没有调试信息一样
     1>libeay32.lib(v3_enum.obj) : warning LNK4099: 未找到 PDB“lib.pdb”(使用“libeay32.lib(v3_enum.obj)”或在“E:\project\2018\2\28\RippleGen\Debug\lib.pdb”中寻找)；正在链接对象，如同没有调试信息一样
     1>libeay32.lib(v3_sxnet.obj) : warning LNK4099: 未找到 PDB“lib.pdb”(使用“libeay32.lib(v3_sxnet.obj)”或在“E:\project\2018\2\28\RippleGen\Debug\lib.pdb”中寻找)；正在链接对象，如同没有调试信息一样
     1>libeay32.lib(v3_cpols.obj) : warning LNK4099: 未找到 PDB“lib.pdb”(使用“libeay32.lib(v3_cpols.obj)”或在“E:\project\2018\2\28\RippleGen\Debug\lib.pdb”中寻找)；正在链接对象，如同没有调试信息一样
     1>libeay32.lib(v3_crld.obj) : warning LNK4099: 未找到 PDB“lib.pdb”(使用“libeay32.lib(v3_crld.obj)”或在“E:\project\2018\2\28\RippleGen\Debug\lib.pdb”中寻找)；正在链接对象，如同没有调试信息一样
     1>libeay32.lib(v3_purp.obj) : warning LNK4099: 未找到 PDB“lib.pdb”(使用“libeay32.lib(v3_purp.obj)”或在“E:\project\2018\2\28\RippleGen\Debug\lib.pdb”中寻找)；正在链接对象，如同没有调试信息一样
     1>libeay32.lib(v3_info.obj) : warning LNK4099: 未找到 PDB“lib.pdb”(使用“libeay32.lib(v3_info.obj)”或在“E:\project\2018\2\28\RippleGen\Debug\lib.pdb”中寻找)；正在链接对象，如同没有调试信息一样
     1>libeay32.lib(v3_ocsp.obj) : warning LNK4099: 未找到 PDB“lib.pdb”(使用“libeay32.lib(v3_ocsp.obj)”或在“E:\project\2018\2\28\RippleGen\Debug\lib.pdb”中寻找)；正在链接对象，如同没有调试信息一样
     1>libeay32.lib(v3_akeya.obj) : warning LNK4099: 未找到 PDB“lib.pdb”(使用“libeay32.lib(v3_akeya.obj)”或在“E:\project\2018\2\28\RippleGen\Debug\lib.pdb”中寻找)；正在链接对象，如同没有调试信息一样
     1>libeay32.lib(v3_pmaps.obj) : warning LNK4099: 未找到 PDB“lib.pdb”(使用“libeay32.lib(v3_pmaps.obj)”或在“E:\project\2018\2\28\RippleGen\Debug\lib.pdb”中寻找)；正在链接对象，如同没有调试信息一样
     1>libeay32.lib(v3_pcons.obj) : warning LNK4099: 未找到 PDB“lib.pdb”(使用“libeay32.lib(v3_pcons.obj)”或在“E:\project\2018\2\28\RippleGen\Debug\lib.pdb”中寻找)；正在链接对象，如同没有调试信息一样
     1>libeay32.lib(v3_ncons.obj) : warning LNK4099: 未找到 PDB“lib.pdb”(使用“libeay32.lib(v3_ncons.obj)”或在“E:\project\2018\2\28\RippleGen\Debug\lib.pdb”中寻找)；正在链接对象，如同没有调试信息一样
     1>libeay32.lib(v3_pcia.obj) : warning LNK4099: 未找到 PDB“lib.pdb”(使用“libeay32.lib(v3_pcia.obj)”或在“E:\project\2018\2\28\RippleGen\Debug\lib.pdb”中寻找)；正在链接对象，如同没有调试信息一样
     1>libeay32.lib(v3_pci.obj) : warning LNK4099: 未找到 PDB“lib.pdb”(使用“libeay32.lib(v3_pci.obj)”或在“E:\project\2018\2\28\RippleGen\Debug\lib.pdb”中寻找)；正在链接对象，如同没有调试信息一样
     1>libeay32.lib(pcy_cache.obj) : warning LNK4099: 未找到 PDB“lib.pdb”(使用“libeay32.lib(pcy_cache.obj)”或在“E:\project\2018\2\28\RippleGen\Debug\lib.pdb”中寻找)；正在链接对象，如同没有调试信息一样
     1>libeay32.lib(pcy_node.obj) : warning LNK4099: 未找到 PDB“lib.pdb”(使用“libeay32.lib(pcy_node.obj)”或在“E:\project\2018\2\28\RippleGen\Debug\lib.pdb”中寻找)；正在链接对象，如同没有调试信息一样
     1>libeay32.lib(pcy_data.obj) : warning LNK4099: 未找到 PDB“lib.pdb”(使用“libeay32.lib(pcy_data.obj)”或在“E:\project\2018\2\28\RippleGen\Debug\lib.pdb”中寻找)；正在链接对象，如同没有调试信息一样
     1>libeay32.lib(pcy_map.obj) : warning LNK4099: 未找到 PDB“lib.pdb”(使用“libeay32.lib(pcy_map.obj)”或在“E:\project\2018\2\28\RippleGen\Debug\lib.pdb”中寻找)；正在链接对象，如同没有调试信息一样
     1>libeay32.lib(pcy_tree.obj) : warning LNK4099: 未找到 PDB“lib.pdb”(使用“libeay32.lib(pcy_tree.obj)”或在“E:\project\2018\2\28\RippleGen\Debug\lib.pdb”中寻找)；正在链接对象，如同没有调试信息一样
     1>libeay32.lib(pcy_lib.obj) : warning LNK4099: 未找到 PDB“lib.pdb”(使用“libeay32.lib(pcy_lib.obj)”或在“E:\project\2018\2\28\RippleGen\Debug\lib.pdb”中寻找)；正在链接对象，如同没有调试信息一样
     1>libeay32.lib(v3_scts.obj) : warning LNK4099: 未找到 PDB“lib.pdb”(使用“libeay32.lib(v3_scts.obj)”或在“E:\project\2018\2\28\RippleGen\Debug\lib.pdb”中寻找)；正在链接对象，如同没有调试信息一样
     1>libeay32.lib(cms_lib.obj) : warning LNK4099: 未找到 PDB“lib.pdb”(使用“libeay32.lib(cms_lib.obj)”或在“E:\project\2018\2\28\RippleGen\Debug\lib.pdb”中寻找)；正在链接对象，如同没有调试信息一样
     1>libeay32.lib(cms_asn1.obj) : warning LNK4099: 未找到 PDB“lib.pdb”(使用“libeay32.lib(cms_asn1.obj)”或在“E:\project\2018\2\28\RippleGen\Debug\lib.pdb”中寻找)；正在链接对象，如同没有调试信息一样
     1>libeay32.lib(cms_att.obj) : warning LNK4099: 未找到 PDB“lib.pdb”(使用“libeay32.lib(cms_att.obj)”或在“E:\project\2018\2\28\RippleGen\Debug\lib.pdb”中寻找)；正在链接对象，如同没有调试信息一样
     1>libeay32.lib(cms_io.obj) : warning LNK4099: 未找到 PDB“lib.pdb”(使用“libeay32.lib(cms_io.obj)”或在“E:\project\2018\2\28\RippleGen\Debug\lib.pdb”中寻找)；正在链接对象，如同没有调试信息一样
     1>libeay32.lib(cms_sd.obj) : warning LNK4099: 未找到 PDB“lib.pdb”(使用“libeay32.lib(cms_sd.obj)”或在“E:\project\2018\2\28\RippleGen\Debug\lib.pdb”中寻找)；正在链接对象，如同没有调试信息一样
     1>libeay32.lib(cms_dd.obj) : warning LNK4099: 未找到 PDB“lib.pdb”(使用“libeay32.lib(cms_dd.obj)”或在“E:\project\2018\2\28\RippleGen\Debug\lib.pdb”中寻找)；正在链接对象，如同没有调试信息一样
     1>libeay32.lib(cms_env.obj) : warning LNK4099: 未找到 PDB“lib.pdb”(使用“libeay32.lib(cms_env.obj)”或在“E:\project\2018\2\28\RippleGen\Debug\lib.pdb”中寻找)；正在链接对象，如同没有调试信息一样
     1>libeay32.lib(cms_enc.obj) : warning LNK4099: 未找到 PDB“lib.pdb”(使用“libeay32.lib(cms_enc.obj)”或在“E:\project\2018\2\28\RippleGen\Debug\lib.pdb”中寻找)；正在链接对象，如同没有调试信息一样
     1>libeay32.lib(cms_pwri.obj) : warning LNK4099: 未找到 PDB“lib.pdb”(使用“libeay32.lib(cms_pwri.obj)”或在“E:\project\2018\2\28\RippleGen\Debug\lib.pdb”中寻找)；正在链接对象，如同没有调试信息一样
     1>libeay32.lib(cms_kari.obj) : warning LNK4099: 未找到 PDB“lib.pdb”(使用“libeay32.lib(cms_kari.obj)”或在“E:\project\2018\2\28\RippleGen\Debug\lib.pdb”中寻找)；正在链接对象，如同没有调试信息一样
     1>libeay32.lib(conf_lib.obj) : warning LNK4099: 未找到 PDB“lib.pdb”(使用“libeay32.lib(conf_lib.obj)”或在“E:\project\2018\2\28\RippleGen\Debug\lib.pdb”中寻找)；正在链接对象，如同没有调试信息一样
     1>libeay32.lib(conf_api.obj) : warning LNK4099: 未找到 PDB“lib.pdb”(使用“libeay32.lib(conf_api.obj)”或在“E:\project\2018\2\28\RippleGen\Debug\lib.pdb”中寻找)；正在链接对象，如同没有调试信息一样
     1>libeay32.lib(conf_def.obj) : warning LNK4099: 未找到 PDB“lib.pdb”(使用“libeay32.lib(conf_def.obj)”或在“E:\project\2018\2\28\RippleGen\Debug\lib.pdb”中寻找)；正在链接对象，如同没有调试信息一样
     1>libeay32.lib(conf_mod.obj) : warning LNK4099: 未找到 PDB“lib.pdb”(使用“libeay32.lib(conf_mod.obj)”或在“E:\project\2018\2\28\RippleGen\Debug\lib.pdb”中寻找)；正在链接对象，如同没有调试信息一样
     1>libeay32.lib(pk7_asn1.obj) : warning LNK4099: 未找到 PDB“lib.pdb”(使用“libeay32.lib(pk7_asn1.obj)”或在“E:\project\2018\2\28\RippleGen\Debug\lib.pdb”中寻找)；正在链接对象，如同没有调试信息一样
     1>libeay32.lib(pk7_lib.obj) : warning LNK4099: 未找到 PDB“lib.pdb”(使用“libeay32.lib(pk7_lib.obj)”或在“E:\project\2018\2\28\RippleGen\Debug\lib.pdb”中寻找)；正在链接对象，如同没有调试信息一样
     1>libeay32.lib(pk7_doit.obj) : warning LNK4099: 未找到 PDB“lib.pdb”(使用“libeay32.lib(pk7_doit.obj)”或在“E:\project\2018\2\28\RippleGen\Debug\lib.pdb”中寻找)；正在链接对象，如同没有调试信息一样
     1>libeay32.lib(pk7_attr.obj) : warning LNK4099: 未找到 PDB“lib.pdb”(使用“libeay32.lib(pk7_attr.obj)”或在“E:\project\2018\2\28\RippleGen\Debug\lib.pdb”中寻找)；正在链接对象，如同没有调试信息一样
     1>libeay32.lib(p12_add.obj) : warning LNK4099: 未找到 PDB“lib.pdb”(使用“libeay32.lib(p12_add.obj)”或在“E:\project\2018\2\28\RippleGen\Debug\lib.pdb”中寻找)；正在链接对象，如同没有调试信息一样
     1>libeay32.lib(p12_asn.obj) : warning LNK4099: 未找到 PDB“lib.pdb”(使用“libeay32.lib(p12_asn.obj)”或在“E:\project\2018\2\28\RippleGen\Debug\lib.pdb”中寻找)；正在链接对象，如同没有调试信息一样
     1>libeay32.lib(p12_crpt.obj) : warning LNK4099: 未找到 PDB“lib.pdb”(使用“libeay32.lib(p12_crpt.obj)”或在“E:\project\2018\2\28\RippleGen\Debug\lib.pdb”中寻找)；正在链接对象，如同没有调试信息一样
     1>libeay32.lib(p12_decr.obj) : warning LNK4099: 未找到 PDB“lib.pdb”(使用“libeay32.lib(p12_decr.obj)”或在“E:\project\2018\2\28\RippleGen\Debug\lib.pdb”中寻找)；正在链接对象，如同没有调试信息一样
     1>libeay32.lib(p12_key.obj) : warning LNK4099: 未找到 PDB“lib.pdb”(使用“libeay32.lib(p12_key.obj)”或在“E:\project\2018\2\28\RippleGen\Debug\lib.pdb”中寻找)；正在链接对象，如同没有调试信息一样
     1>libeay32.lib(p12_utl.obj) : warning LNK4099: 未找到 PDB“lib.pdb”(使用“libeay32.lib(p12_utl.obj)”或在“E:\project\2018\2\28\RippleGen\Debug\lib.pdb”中寻找)；正在链接对象，如同没有调试信息一样
     1>libeay32.lib(p12_p8d.obj) : warning LNK4099: 未找到 PDB“lib.pdb”(使用“libeay32.lib(p12_p8d.obj)”或在“E:\project\2018\2\28\RippleGen\Debug\lib.pdb”中寻找)；正在链接对象，如同没有调试信息一样
     1>libeay32.lib(p12_p8e.obj) : warning LNK4099: 未找到 PDB“lib.pdb”(使用“libeay32.lib(p12_p8e.obj)”或在“E:\project\2018\2\28\RippleGen\Debug\lib.pdb”中寻找)；正在链接对象，如同没有调试信息一样
     1>libeay32.lib(eng_lib.obj) : warning LNK4099: 未找到 PDB“lib.pdb”(使用“libeay32.lib(eng_lib.obj)”或在“E:\project\2018\2\28\RippleGen\Debug\lib.pdb”中寻找)；正在链接对象，如同没有调试信息一样
     1>libeay32.lib(eng_list.obj) : warning LNK4099: 未找到 PDB“lib.pdb”(使用“libeay32.lib(eng_list.obj)”或在“E:\project\2018\2\28\RippleGen\Debug\lib.pdb”中寻找)；正在链接对象，如同没有调试信息一样
     1>libeay32.lib(eng_init.obj) : warning LNK4099: 未找到 PDB“lib.pdb”(使用“libeay32.lib(eng_init.obj)”或在“E:\project\2018\2\28\RippleGen\Debug\lib.pdb”中寻找)；正在链接对象，如同没有调试信息一样
     1>libeay32.lib(eng_ctrl.obj) : warning LNK4099: 未找到 PDB“lib.pdb”(使用“libeay32.lib(eng_ctrl.obj)”或在“E:\project\2018\2\28\RippleGen\Debug\lib.pdb”中寻找)；正在链接对象，如同没有调试信息一样
     1>libeay32.lib(eng_table.obj) : warning LNK4099: 未找到 PDB“lib.pdb”(使用“libeay32.lib(eng_table.obj)”或在“E:\project\2018\2\28\RippleGen\Debug\lib.pdb”中寻找)；正在链接对象，如同没有调试信息一样
     1>libeay32.lib(tb_rsa.obj) : warning LNK4099: 未找到 PDB“lib.pdb”(使用“libeay32.lib(tb_rsa.obj)”或在“E:\project\2018\2\28\RippleGen\Debug\lib.pdb”中寻找)；正在链接对象，如同没有调试信息一样
     1>libeay32.lib(tb_dsa.obj) : warning LNK4099: 未找到 PDB“lib.pdb”(使用“libeay32.lib(tb_dsa.obj)”或在“E:\project\2018\2\28\RippleGen\Debug\lib.pdb”中寻找)；正在链接对象，如同没有调试信息一样
     1>libeay32.lib(tb_ecdsa.obj) : warning LNK4099: 未找到 PDB“lib.pdb”(使用“libeay32.lib(tb_ecdsa.obj)”或在“E:\project\2018\2\28\RippleGen\Debug\lib.pdb”中寻找)；正在链接对象，如同没有调试信息一样
     1>libeay32.lib(tb_dh.obj) : warning LNK4099: 未找到 PDB“lib.pdb”(使用“libeay32.lib(tb_dh.obj)”或在“E:\project\2018\2\28\RippleGen\Debug\lib.pdb”中寻找)；正在链接对象，如同没有调试信息一样
     1>libeay32.lib(tb_ecdh.obj) : warning LNK4099: 未找到 PDB“lib.pdb”(使用“libeay32.lib(tb_ecdh.obj)”或在“E:\project\2018\2\28\RippleGen\Debug\lib.pdb”中寻找)；正在链接对象，如同没有调试信息一样
     1>libeay32.lib(tb_rand.obj) : warning LNK4099: 未找到 PDB“lib.pdb”(使用“libeay32.lib(tb_rand.obj)”或在“E:\project\2018\2\28\RippleGen\Debug\lib.pdb”中寻找)；正在链接对象，如同没有调试信息一样
     1>libeay32.lib(tb_cipher.obj) : warning LNK4099: 未找到 PDB“lib.pdb”(使用“libeay32.lib(tb_cipher.obj)”或在“E:\project\2018\2\28\RippleGen\Debug\lib.pdb”中寻找)；正在链接对象，如同没有调试信息一样
     1>libeay32.lib(tb_digest.obj) : warning LNK4099: 未找到 PDB“lib.pdb”(使用“libeay32.lib(tb_digest.obj)”或在“E:\project\2018\2\28\RippleGen\Debug\lib.pdb”中寻找)；正在链接对象，如同没有调试信息一样
     1>libeay32.lib(tb_pkmeth.obj) : warning LNK4099: 未找到 PDB“lib.pdb”(使用“libeay32.lib(tb_pkmeth.obj)”或在“E:\project\2018\2\28\RippleGen\Debug\lib.pdb”中寻找)；正在链接对象，如同没有调试信息一样
     1>libeay32.lib(tb_asnmth.obj) : warning LNK4099: 未找到 PDB“lib.pdb”(使用“libeay32.lib(tb_asnmth.obj)”或在“E:\project\2018\2\28\RippleGen\Debug\lib.pdb”中寻找)；正在链接对象，如同没有调试信息一样
     1>libeay32.lib(ocsp_asn.obj) : warning LNK4099: 未找到 PDB“lib.pdb”(使用“libeay32.lib(ocsp_asn.obj)”或在“E:\project\2018\2\28\RippleGen\Debug\lib.pdb”中寻找)；正在链接对象，如同没有调试信息一样
     1>libeay32.lib(ocsp_ht.obj) : warning LNK4099: 未找到 PDB“lib.pdb”(使用“libeay32.lib(ocsp_ht.obj)”或在“E:\project\2018\2\28\RippleGen\Debug\lib.pdb”中寻找)；正在链接对象，如同没有调试信息一样
     1>libeay32.lib(ui_lib.obj) : warning LNK4099: 未找到 PDB“lib.pdb”(使用“libeay32.lib(ui_lib.obj)”或在“E:\project\2018\2\28\RippleGen\Debug\lib.pdb”中寻找)；正在链接对象，如同没有调试信息一样
     1>libeay32.lib(ui_openssl.obj) : warning LNK4099: 未找到 PDB“lib.pdb”(使用“libeay32.lib(ui_openssl.obj)”或在“E:\project\2018\2\28\RippleGen\Debug\lib.pdb”中寻找)；正在链接对象，如同没有调试信息一样
         RippleGen.vcxproj -> E:\project\2018\2\28\RippleGen\Debug\RippleGen.exe
       Manifest:
         C:\Program Files (x86)\Microsoft SDKs\Windows\v7.0A\bin\mt.exe /nologo /verbose /outputresource:"E:\project\2018\2\28\RippleGen\Debug\RippleGen.exe;#1" /manifest Debug\RippleGen.exe.intermediate.manifest
       FinalizeBuildStatus:
         正在删除文件“Debug\RippleGen.unsuccessfulbuild”。
         正在对“Debug\RippleGen.lastbuildstate”执行 Touch 任务。
     1>已完成生成项目“E:\project\2018\2\28\RippleGen\RippleGen\RippleGen.vcxproj”(build 个目标)的操作。

生成成功。

已用时间 00:00:49.66
